#
# There is insufficient memory for the Java Runtime Environment to continue.
# Native memory allocation (malloc) failed to allocate 1846608 bytes. Error detail: Chunk::new
# Possible reasons:
#   The system is out of physical RAM or swap space
#   This process is running with CompressedOops enabled, and the Java Heap may be blocking the growth of the native heap
# Possible solutions:
#   Reduce memory load on the system
#   Increase physical memory or swap space
#   Check if swap backing store is full
#   Decrease Java heap size (-Xmx/-Xms)
#   Decrease number of Java threads
#   Decrease Java thread stack sizes (-Xss)
#   Set larger code cache with -XX:ReservedCodeCacheSize=
#   JVM is running with Unscaled Compressed Oops mode in which the Java heap is
#     placed in the first 4GB address space. The Java Heap base address is the
#     maximum limit for the native heap growth. Please use -XX:HeapBaseMinAddress
#     to set the Java Heap base and to place the Java Heap above 4GB virtual address.
# This output file may be truncated or incomplete.
#
#  Out of Memory Error (arena.cpp:168), pid=2652, tid=19396
#
# JRE version: OpenJDK Runtime Environment Temurin-21.0.8+9 (21.0.8+9) (build 21.0.8+9-LTS)
# Java VM: OpenJDK 64-Bit Server VM Temurin-21.0.8+9 (21.0.8+9-LTS, mixed mode, sharing, tiered, compressed oops, compressed class ptrs, parallel gc, windows-amd64)
# No core dump will be written. Minidumps are not enabled by default on client versions of Windows
#

---------------  S U M M A R Y ------------

Command Line: --add-modules=ALL-SYSTEM --add-opens=java.base/java.util=ALL-UNNAMED --add-opens=java.base/java.lang=ALL-UNNAMED --add-opens=java.base/sun.nio.fs=ALL-UNNAMED -Declipse.application=org.eclipse.jdt.ls.core.id1 -Dosgi.bundles.defaultStartLevel=4 -Declipse.product=org.eclipse.jdt.ls.core.product -Djava.import.generatesMetadataFilesAtProjectRoot=false -DDetectVMInstallationsJob.disabled=true -Dfile.encoding=utf8 -XX:+UseParallelGC -XX:GCTimeRatio=4 -XX:AdaptiveSizePolicyWeight=90 -Dsun.zip.disableMemoryMapping=true -Xmx2G -Xms100m -Xlog:disable -javaagent:c:\Users\HP LAPTOP\.vscode\extensions\redhat.java-1.49.0\lombok\lombok-1.18.39-4050.jar -XX:+HeapDumpOnOutOfMemoryError -XX:HeapDumpPath=c:\Users\HP LAPTOP\AppData\Roaming\Code\User\workspaceStorage\0bad53627d758e82a8edc77273faf5df\redhat.java -Daether.dependencyCollector.impl=bf c:\Users\HP LAPTOP\.vscode\extensions\redhat.java-1.49.0\server\plugins\org.eclipse.equinox.launcher_1.7.100.v20251111-0406.jar -configuration c:\Users\HP LAPTOP\AppData\Roaming\Code\User\globalStorage\redhat.java\1.49.0\config_win -data c:\Users\HP LAPTOP\AppData\Roaming\Code\User\workspaceStorage\0bad53627d758e82a8edc77273faf5df\redhat.java\jdt_ws --pipe=\\.\pipe\lsp-6795065f73ef7d564aa556387245769b-sock

Host: Intel(R) Core(TM) i5-1035G1 CPU @ 1.00GHz, 8 cores, 7G,  Windows 11 , 64 bit Build 26100 (10.0.26100.7019)
Time: Mon Nov 24 21:34:32 2025 Hora est. Pacífico, Sudamérica elapsed time: 20.860875 seconds (0d 0h 0m 20s)

---------------  T H R E A D  ---------------

Current thread (0x000001bf9d0a6eb0):  JavaThread "C2 CompilerThread1" daemon [_thread_in_native, id=19396, stack(0x0000000793500000,0x0000000793600000) (1024K)]


Current CompileTask:
C2:20861 4142   !   4       org.eclipse.osgi.internal.loader.classpath.ClasspathManager::findClassImpl (328 bytes)

Stack: [0x0000000793500000,0x0000000793600000]
Native frames: (J=compiled Java code, j=interpreted, Vv=VM code, C=native code)
V  [jvm.dll+0x6d2449]
V  [jvm.dll+0x8ae341]
V  [jvm.dll+0x8b08be]
V  [jvm.dll+0x8b0fa3]
V  [jvm.dll+0x280c96]
V  [jvm.dll+0xc581d]
V  [jvm.dll+0xc5d53]
V  [jvm.dll+0x3b919c]
V  [jvm.dll+0x1e1409]
V  [jvm.dll+0x249022]
V  [jvm.dll+0x2484af]
V  [jvm.dll+0x1c89ee]
V  [jvm.dll+0x257d4d]
V  [jvm.dll+0x2562ea]
V  [jvm.dll+0x3f2d16]
V  [jvm.dll+0x857e6b]
V  [jvm.dll+0x6d0b0d]
C  [ucrtbase.dll+0x37b0]
C  [KERNEL32.DLL+0x2e8d7]
C  [ntdll.dll+0x8c53c]


---------------  P R O C E S S  ---------------

Threads class SMR info:
_java_thread_list=0x000001bf9ec80140, length=25, elements={
0x000001bf38dfeb20, 0x000001bf38ebcd70, 0x000001bf54d75fe0, 0x000001bf54d78a30,
0x000001bf54d79a30, 0x000001bf54d7ea00, 0x000001bf54d7f450, 0x000001bf54d829f0,
0x000001bf54d8e4b0, 0x000001bf977316c0, 0x000001bf9798abf0, 0x000001bf9c977c40,
0x000001bf978bbd20, 0x000001bf9c4551b0, 0x000001bf9c458aa0, 0x000001bf9c77caa0,
0x000001bf9c844d60, 0x000001bf976ffd40, 0x000001bf9c82bec0, 0x000001bf9ce3e650,
0x000001bf9ce3d2a0, 0x000001bf9d0a6eb0, 0x000001bf9ce3d930, 0x000001bf9ce3ece0,
0x000001bf9d0a8320
}

Java Threads: ( => current thread )
  0x000001bf38dfeb20 JavaThread "main"                              [_thread_blocked, id=1716, stack(0x0000000791600000,0x0000000791700000) (1024K)]
  0x000001bf38ebcd70 JavaThread "Reference Handler"          daemon [_thread_blocked, id=4608, stack(0x0000000791a00000,0x0000000791b00000) (1024K)]
  0x000001bf54d75fe0 JavaThread "Finalizer"                  daemon [_thread_blocked, id=22324, stack(0x0000000791b00000,0x0000000791c00000) (1024K)]
  0x000001bf54d78a30 JavaThread "Signal Dispatcher"          daemon [_thread_blocked, id=10300, stack(0x0000000791c00000,0x0000000791d00000) (1024K)]
  0x000001bf54d79a30 JavaThread "Attach Listener"            daemon [_thread_blocked, id=4200, stack(0x0000000791d00000,0x0000000791e00000) (1024K)]
  0x000001bf54d7ea00 JavaThread "Service Thread"             daemon [_thread_blocked, id=18052, stack(0x0000000791e00000,0x0000000791f00000) (1024K)]
  0x000001bf54d7f450 JavaThread "Monitor Deflation Thread"   daemon [_thread_blocked, id=15288, stack(0x0000000791f00000,0x0000000792000000) (1024K)]
  0x000001bf54d829f0 JavaThread "C2 CompilerThread0"         daemon [_thread_in_native, id=10508, stack(0x0000000792000000,0x0000000792100000) (1024K)]
  0x000001bf54d8e4b0 JavaThread "C1 CompilerThread0"         daemon [_thread_blocked, id=14636, stack(0x0000000792100000,0x0000000792200000) (1024K)]
  0x000001bf977316c0 JavaThread "Common-Cleaner"             daemon [_thread_blocked, id=1140, stack(0x0000000792200000,0x0000000792300000) (1024K)]
  0x000001bf9798abf0 JavaThread "Notification Thread"        daemon [_thread_blocked, id=3824, stack(0x0000000792300000,0x0000000792400000) (1024K)]
  0x000001bf9c977c40 JavaThread "Active Thread: Equinox Container: 72d9dd7f-23a4-4a21-8e33-dbfd9478de1d"        [_thread_blocked, id=6932, stack(0x0000000792a00000,0x0000000792b00000) (1024K)]
  0x000001bf978bbd20 JavaThread "Refresh Thread: Equinox Container: 72d9dd7f-23a4-4a21-8e33-dbfd9478de1d" daemon [_thread_blocked, id=7640, stack(0x0000000792c00000,0x0000000792d00000) (1024K)]
  0x000001bf9c4551b0 JavaThread "Framework Event Dispatcher: Equinox Container: 72d9dd7f-23a4-4a21-8e33-dbfd9478de1d" daemon [_thread_blocked, id=12356, stack(0x0000000792d00000,0x0000000792e00000) (1024K)]
  0x000001bf9c458aa0 JavaThread "Start Level: Equinox Container: 72d9dd7f-23a4-4a21-8e33-dbfd9478de1d" daemon [_thread_in_native, id=20308, stack(0x0000000792e00000,0x0000000792f00000) (1024K)]
  0x000001bf9c77caa0 JavaThread "Bundle File Closer"         daemon [_thread_blocked, id=19068, stack(0x0000000792f00000,0x0000000793000000) (1024K)]
  0x000001bf9c844d60 JavaThread "SCR Component Actor"        daemon [_thread_blocked, id=19004, stack(0x0000000793000000,0x0000000793100000) (1024K)]
  0x000001bf976ffd40 JavaThread "Worker-JM"                         [_thread_blocked, id=15636, stack(0x0000000793100000,0x0000000793200000) (1024K)]
  0x000001bf9c82bec0 JavaThread "JNA Cleaner"                daemon [_thread_blocked, id=7264, stack(0x0000000793200000,0x0000000793300000) (1024K)]
  0x000001bf9ce3e650 JavaThread "Worker-0"                          [_thread_blocked, id=13680, stack(0x0000000793300000,0x0000000793400000) (1024K)]
  0x000001bf9ce3d2a0 JavaThread "Worker-1: Repository registry initialization"        [_thread_in_Java, id=22152, stack(0x0000000793400000,0x0000000793500000) (1024K)]
=>0x000001bf9d0a6eb0 JavaThread "C2 CompilerThread1"         daemon [_thread_in_native, id=19396, stack(0x0000000793500000,0x0000000793600000) (1024K)]
  0x000001bf9ce3d930 JavaThread "Worker-2"                          [_thread_blocked, id=19692, stack(0x0000000793600000,0x0000000793700000) (1024K)]
  0x000001bf9ce3ece0 JavaThread "Java indexing"              daemon [_thread_blocked, id=22352, stack(0x0000000793700000,0x0000000793800000) (1024K)]
  0x000001bf9d0a8320 JavaThread "C2 CompilerThread2"         daemon [_thread_in_native, id=9256, stack(0x0000000793800000,0x0000000793900000) (1024K)]
Total: 25

Other Threads:
  0x000001bf54d71d30 VMThread "VM Thread"                           [id=12780, stack(0x0000000791900000,0x0000000791a00000) (1024K)]
  0x000001bf38e6d0b0 WatcherThread "VM Periodic Task Thread"        [id=11280, stack(0x0000000791800000,0x0000000791900000) (1024K)]
  0x000001bf38e1d170 WorkerThread "GC Thread#0"                     [id=21564, stack(0x0000000791700000,0x0000000791800000) (1024K)]
  0x000001bf9c3d3be0 WorkerThread "GC Thread#1"                     [id=13664, stack(0x0000000792400000,0x0000000792500000) (1024K)]
  0x000001bf9c1faba0 WorkerThread "GC Thread#2"                     [id=14420, stack(0x0000000792500000,0x0000000792600000) (1024K)]
  0x000001bf9c1faf40 WorkerThread "GC Thread#3"                     [id=15568, stack(0x0000000792600000,0x0000000792700000) (1024K)]
  0x000001bf9c1fb2e0 WorkerThread "GC Thread#4"                     [id=10768, stack(0x0000000792700000,0x0000000792800000) (1024K)]
  0x000001bf9c233700 WorkerThread "GC Thread#5"                     [id=8948, stack(0x0000000792800000,0x0000000792900000) (1024K)]
  0x000001bf9c233aa0 WorkerThread "GC Thread#6"                     [id=6084, stack(0x0000000792900000,0x0000000792a00000) (1024K)]
  0x000001bf978bb020 WorkerThread "GC Thread#7"                     [id=21696, stack(0x0000000792b00000,0x0000000792c00000) (1024K)]
Total: 10

Threads with active compile tasks:
C2 CompilerThread0  21948 4110       4       org.lombokweb.asm.ClassReader::readMethod (1070 bytes)
C2 CompilerThread1  21949 4142   !   4       org.eclipse.osgi.internal.loader.classpath.ClasspathManager::findClassImpl (328 bytes)
C2 CompilerThread2  21949 4230       4       java.util.Properties::loadConvert (540 bytes)
Total: 3

VM state: not at safepoint (normal execution)

VM Mutex/Monitor currently owned by a thread: None

Heap address: 0x0000000080000000, size: 2048 MB, Compressed Oops mode: 32-bit

CDS archive(s) mapped at: [0x000001bf55000000-0x000001bf55c80000-0x000001bf55c80000), size 13107200, SharedBaseAddress: 0x000001bf55000000, ArchiveRelocationMode: 1.
Compressed class space mapped at: 0x000001bf56000000-0x000001bf96000000, reserved size: 1073741824
Narrow klass base: 0x000001bf55000000, Narrow klass shift: 0, Narrow klass range: 0x100000000

GC Precious Log:
 CardTable entry size: 512
 CPUs: 8 total, 8 available
 Memory: 7876M
 Large Page Support: Disabled
 NUMA Support: Disabled
 Compressed Oops: Enabled (32-bit)
 Alignments: Space 512K, Generation 512K, Heap 2M
 Heap Min Capacity: 100M
 Heap Initial Capacity: 100M
 Heap Max Capacity: 2G
 Pre-touch: Disabled
 Parallel Workers: 8

Heap:
 PSYoungGen      total 23552K, used 8867K [0x00000000d5580000, 0x00000000d7200000, 0x0000000100000000)
  eden space 22016K, 34% used [0x00000000d5580000,0x00000000d5ce6960,0x00000000d6b00000)
  from space 1536K, 83% used [0x00000000d7080000,0x00000000d71c23f0,0x00000000d7200000)
  to   space 1536K, 0% used [0x00000000d6f00000,0x00000000d6f00000,0x00000000d7080000)
 ParOldGen       total 68608K, used 16765K [0x0000000080000000, 0x0000000084300000, 0x00000000d5580000)
  object space 68608K, 24% used [0x0000000080000000,0x000000008105f608,0x0000000084300000)
 Metaspace       used 33880K, committed 34944K, reserved 1114112K
  class space    used 3465K, committed 3904K, reserved 1048576K

Card table byte_map: [0x000001bf387a0000,0x000001bf38bb0000] _byte_map_base: 0x000001bf383a0000

Marking Bits: (ParMarkBitMap*) 0x00007ffcd1f7a340
 Begin Bits: [0x000001bf507b0000, 0x000001bf527b0000)
 End Bits:   [0x000001bf527b0000, 0x000001bf547b0000)

Polling page: 0x000001bf37020000

Metaspace:

Usage:
  Non-class:     29.71 MB used.
      Class:      3.39 MB used.
       Both:     33.10 MB used.

Virtual space:
  Non-class space:       64.00 MB reserved,      30.38 MB ( 47%) committed,  1 nodes.
      Class space:        1.00 GB reserved,       3.81 MB ( <1%) committed,  1 nodes.
             Both:        1.06 GB reserved,      34.19 MB (  3%) committed. 

Chunk freelists:
   Non-Class:  1.48 MB
       Class:  12.16 MB
        Both:  13.64 MB

MaxMetaspaceSize: unlimited
CompressedClassSpaceSize: 1.00 GB
Initial GC threshold: 21.00 MB
Current GC threshold: 35.00 MB
CDS: on
 - commit_granule_bytes: 65536.
 - commit_granule_words: 8192.
 - virtual_space_node_default_size: 8388608.
 - enlarge_chunks_in_place: 1.
 - use_allocation_guard: 0.


Internal statistics:

num_allocs_failed_limit: 3.
num_arena_births: 858.
num_arena_deaths: 14.
num_vsnodes_births: 2.
num_vsnodes_deaths: 0.
num_space_committed: 547.
num_space_uncommitted: 0.
num_chunks_returned_to_freelist: 17.
num_chunks_taken_from_freelist: 2295.
num_chunk_merges: 6.
num_chunk_splits: 1435.
num_chunks_enlarged: 824.
num_inconsistent_stats: 0.

CodeHeap 'non-profiled nmethods': size=120000Kb used=1946Kb max_used=1946Kb free=118053Kb
 bounds [0x000001bf48fd0000, 0x000001bf49240000, 0x000001bf50500000]
CodeHeap 'profiled nmethods': size=120000Kb used=9661Kb max_used=9661Kb free=110338Kb
 bounds [0x000001bf41500000, 0x000001bf41e70000, 0x000001bf48a30000]
CodeHeap 'non-nmethods': size=5760Kb used=1353Kb max_used=1353Kb free=4406Kb
 bounds [0x000001bf48a30000, 0x000001bf48ca0000, 0x000001bf48fd0000]
CodeCache: size=245760Kb, used=12960Kb, max_used=12960Kb, free=232797Kb
 total_blobs=5236, nmethods=4598, adapters=544, full_count=0
Compilation: enabled, stopped_count=0, restarted_count=0

Compilation events (20 events):
Event: 20.727 Thread 0x000001bf54d8e4b0 4615       2       com.google.inject.TypeLiteral::equals (30 bytes)
Event: 20.727 Thread 0x000001bf54d8e4b0 nmethod 4615 0x000001bf41e5d490 code [0x000001bf41e5d640, 0x000001bf41e5d808]
Event: 20.727 Thread 0x000001bf54d8e4b0 4616       2       com.google.inject.internal.MoreTypes::equals (282 bytes)
Event: 20.729 Thread 0x000001bf54d8e4b0 nmethod 4616 0x000001bf41e5d910 code [0x000001bf41e5dcc0, 0x000001bf41e5ecf0]
Event: 20.739 Thread 0x000001bf54d8e4b0 4617       2       java.lang.Class::getGenericSuperclass (28 bytes)
Event: 20.742 Thread 0x000001bf54d8e4b0 nmethod 4617 0x000001bf41e5f290 code [0x000001bf41e5f480, 0x000001bf41e5f7d8]
Event: 20.746 Thread 0x000001bf54d8e4b0 4618       3       org.objectweb.asm.ClassReader::readUtf (161 bytes)
Event: 20.747 Thread 0x000001bf54d8e4b0 nmethod 4618 0x000001bf41e5fa10 code [0x000001bf41e5fc00, 0x000001bf41e60050]
Event: 20.748 Thread 0x000001bf54d8e4b0 4619       2       java.lang.Class::annotationData (44 bytes)
Event: 20.749 Thread 0x000001bf54d8e4b0 nmethod 4619 0x000001bf41e60310 code [0x000001bf41e604e0, 0x000001bf41e606f8]
Event: 20.751 Thread 0x000001bf54d8e4b0 4620       2       org.eclipse.core.internal.registry.ConfigurationElementHandle::getName (8 bytes)
Event: 20.752 Thread 0x000001bf54d8e4b0 nmethod 4620 0x000001bf41e60810 code [0x000001bf41e609c0, 0x000001bf41e60c68]
Event: 20.852 Thread 0x000001bf54d8e4b0 4621       2       org.eclipse.core.internal.preferences.DefaultPreferences::getScopeRelativePath (43 bytes)
Event: 20.853 Thread 0x000001bf54d8e4b0 nmethod 4621 0x000001bf41e60e10 code [0x000001bf41e60fe0, 0x000001bf41e611f0]
Event: 20.853 Thread 0x000001bf54d8e4b0 4622       2       java.lang.StringConcatHelper::prepend (22 bytes)
Event: 20.854 Thread 0x000001bf54d8e4b0 nmethod 4622 0x000001bf41e61390 code [0x000001bf41e61540, 0x000001bf41e61678]
Event: 20.855 Thread 0x000001bf54d8e4b0 4623       3       java.util.AbstractList::listIterator (6 bytes)
Event: 20.855 Thread 0x000001bf54d8e4b0 nmethod 4623 0x000001bf41e61790 code [0x000001bf41e61940, 0x000001bf41e61b18]
Event: 20.855 Thread 0x000001bf54d8e4b0 4624       2       org.eclipse.osgi.internal.loader.BundleLoader::getPackageName (25 bytes)
Event: 20.856 Thread 0x000001bf54d8e4b0 nmethod 4624 0x000001bf41e61b90 code [0x000001bf41e61d60, 0x000001bf41e61f68]

GC Heap History (20 events):
Event: 12.538 GC heap before
{Heap before GC invocations=4 (full 0):
 PSYoungGen      total 29696K, used 29667K [0x00000000d5580000, 0x00000000d7680000, 0x0000000100000000)
  eden space 25600K, 100% used [0x00000000d5580000,0x00000000d6e80000,0x00000000d6e80000)
  from space 4096K, 99% used [0x00000000d6e80000,0x00000000d7278d88,0x00000000d7280000)
  to   space 4096K, 0% used [0x00000000d7280000,0x00000000d7280000,0x00000000d7680000)
 ParOldGen       total 68608K, used 5006K [0x0000000080000000, 0x0000000084300000, 0x00000000d5580000)
  object space 68608K, 7% used [0x0000000080000000,0x00000000804e3830,0x0000000084300000)
 Metaspace       used 12380K, committed 12800K, reserved 1114112K
  class space    used 1281K, committed 1472K, reserved 1048576K
}
Event: 12.546 GC heap after
{Heap after GC invocations=4 (full 0):
 PSYoungGen      total 29696K, used 4094K [0x00000000d5580000, 0x00000000d7680000, 0x0000000100000000)
  eden space 25600K, 0% used [0x00000000d5580000,0x00000000d5580000,0x00000000d6e80000)
  from space 4096K, 99% used [0x00000000d7280000,0x00000000d767f9b8,0x00000000d7680000)
  to   space 4096K, 0% used [0x00000000d6e80000,0x00000000d6e80000,0x00000000d7280000)
 ParOldGen       total 68608K, used 6127K [0x0000000080000000, 0x0000000084300000, 0x00000000d5580000)
  object space 68608K, 8% used [0x0000000080000000,0x00000000805fbef0,0x0000000084300000)
 Metaspace       used 12380K, committed 12800K, reserved 1114112K
  class space    used 1281K, committed 1472K, reserved 1048576K
}
Event: 14.651 GC heap before
{Heap before GC invocations=5 (full 0):
 PSYoungGen      total 29696K, used 29694K [0x00000000d5580000, 0x00000000d7680000, 0x0000000100000000)
  eden space 25600K, 100% used [0x00000000d5580000,0x00000000d6e80000,0x00000000d6e80000)
  from space 4096K, 99% used [0x00000000d7280000,0x00000000d767f9b8,0x00000000d7680000)
  to   space 4096K, 0% used [0x00000000d6e80000,0x00000000d6e80000,0x00000000d7280000)
 ParOldGen       total 68608K, used 6127K [0x0000000080000000, 0x0000000084300000, 0x00000000d5580000)
  object space 68608K, 8% used [0x0000000080000000,0x00000000805fbef0,0x0000000084300000)
 Metaspace       used 16344K, committed 17024K, reserved 1114112K
  class space    used 1657K, committed 1984K, reserved 1048576K
}
Event: 14.658 GC heap after
{Heap after GC invocations=5 (full 0):
 PSYoungGen      total 29184K, used 4075K [0x00000000d5580000, 0x00000000d7900000, 0x0000000100000000)
  eden space 25088K, 0% used [0x00000000d5580000,0x00000000d5580000,0x00000000d6e00000)
  from space 4096K, 99% used [0x00000000d6e80000,0x00000000d727ae98,0x00000000d7280000)
  to   space 5632K, 0% used [0x00000000d7380000,0x00000000d7380000,0x00000000d7900000)
 ParOldGen       total 68608K, used 7521K [0x0000000080000000, 0x0000000084300000, 0x00000000d5580000)
  object space 68608K, 10% used [0x0000000080000000,0x0000000080758768,0x0000000084300000)
 Metaspace       used 16344K, committed 17024K, reserved 1114112K
  class space    used 1657K, committed 1984K, reserved 1048576K
}
Event: 16.727 GC heap before
{Heap before GC invocations=6 (full 0):
 PSYoungGen      total 29184K, used 29163K [0x00000000d5580000, 0x00000000d7900000, 0x0000000100000000)
  eden space 25088K, 100% used [0x00000000d5580000,0x00000000d6e00000,0x00000000d6e00000)
  from space 4096K, 99% used [0x00000000d6e80000,0x00000000d727ae98,0x00000000d7280000)
  to   space 5632K, 0% used [0x00000000d7380000,0x00000000d7380000,0x00000000d7900000)
 ParOldGen       total 68608K, used 7521K [0x0000000080000000, 0x0000000084300000, 0x00000000d5580000)
  object space 68608K, 10% used [0x0000000080000000,0x0000000080758768,0x0000000084300000)
 Metaspace       used 19375K, committed 20160K, reserved 1114112K
  class space    used 2003K, committed 2368K, reserved 1048576K
}
Event: 16.737 GC heap after
{Heap after GC invocations=6 (full 0):
 PSYoungGen      total 29696K, used 4914K [0x00000000d5580000, 0x00000000d7880000, 0x0000000100000000)
  eden space 24576K, 0% used [0x00000000d5580000,0x00000000d5580000,0x00000000d6d80000)
  from space 5120K, 95% used [0x00000000d7380000,0x00000000d784c850,0x00000000d7880000)
  to   space 5632K, 0% used [0x00000000d6d80000,0x00000000d6d80000,0x00000000d7300000)
 ParOldGen       total 68608K, used 7529K [0x0000000080000000, 0x0000000084300000, 0x00000000d5580000)
  object space 68608K, 10% used [0x0000000080000000,0x000000008075a768,0x0000000084300000)
 Metaspace       used 19375K, committed 20160K, reserved 1114112K
  class space    used 2003K, committed 2368K, reserved 1048576K
}
Event: 17.748 GC heap before
{Heap before GC invocations=7 (full 0):
 PSYoungGen      total 29696K, used 17696K [0x00000000d5580000, 0x00000000d7880000, 0x0000000100000000)
  eden space 24576K, 52% used [0x00000000d5580000,0x00000000d61fb940,0x00000000d6d80000)
  from space 5120K, 95% used [0x00000000d7380000,0x00000000d784c850,0x00000000d7880000)
  to   space 5632K, 0% used [0x00000000d6d80000,0x00000000d6d80000,0x00000000d7300000)
 ParOldGen       total 68608K, used 7529K [0x0000000080000000, 0x0000000084300000, 0x00000000d5580000)
  object space 68608K, 10% used [0x0000000080000000,0x000000008075a768,0x0000000084300000)
 Metaspace       used 20652K, committed 21504K, reserved 1114112K
  class space    used 2144K, committed 2560K, reserved 1048576K
}
Event: 17.759 GC heap after
{Heap after GC invocations=7 (full 0):
 PSYoungGen      total 28672K, used 3853K [0x00000000d5580000, 0x00000000d7680000, 0x0000000100000000)
  eden space 24576K, 0% used [0x00000000d5580000,0x00000000d5580000,0x00000000d6d80000)
  from space 4096K, 94% used [0x00000000d6d80000,0x00000000d7143418,0x00000000d7180000)
  to   space 4608K, 0% used [0x00000000d7200000,0x00000000d7200000,0x00000000d7680000)
 ParOldGen       total 68608K, used 9076K [0x0000000080000000, 0x0000000084300000, 0x00000000d5580000)
  object space 68608K, 13% used [0x0000000080000000,0x00000000808dd008,0x0000000084300000)
 Metaspace       used 20652K, committed 21504K, reserved 1114112K
  class space    used 2144K, committed 2560K, reserved 1048576K
}
Event: 17.759 GC heap before
{Heap before GC invocations=8 (full 1):
 PSYoungGen      total 28672K, used 3853K [0x00000000d5580000, 0x00000000d7680000, 0x0000000100000000)
  eden space 24576K, 0% used [0x00000000d5580000,0x00000000d5580000,0x00000000d6d80000)
  from space 4096K, 94% used [0x00000000d6d80000,0x00000000d7143418,0x00000000d7180000)
  to   space 4608K, 0% used [0x00000000d7200000,0x00000000d7200000,0x00000000d7680000)
 ParOldGen       total 68608K, used 9076K [0x0000000080000000, 0x0000000084300000, 0x00000000d5580000)
  object space 68608K, 13% used [0x0000000080000000,0x00000000808dd008,0x0000000084300000)
 Metaspace       used 20652K, committed 21504K, reserved 1114112K
  class space    used 2144K, committed 2560K, reserved 1048576K
}
Event: 17.823 GC heap after
{Heap after GC invocations=8 (full 1):
 PSYoungGen      total 28672K, used 0K [0x00000000d5580000, 0x00000000d7680000, 0x0000000100000000)
  eden space 24576K, 0% used [0x00000000d5580000,0x00000000d5580000,0x00000000d6d80000)
  from space 4096K, 0% used [0x00000000d6d80000,0x00000000d6d80000,0x00000000d7180000)
  to   space 4608K, 0% used [0x00000000d7200000,0x00000000d7200000,0x00000000d7680000)
 ParOldGen       total 68608K, used 12346K [0x0000000080000000, 0x0000000084300000, 0x00000000d5580000)
  object space 68608K, 17% used [0x0000000080000000,0x0000000080c0eb60,0x0000000084300000)
 Metaspace       used 20639K, committed 21504K, reserved 1114112K
  class space    used 2141K, committed 2560K, reserved 1048576K
}
Event: 18.774 GC heap before
{Heap before GC invocations=9 (full 1):
 PSYoungGen      total 28672K, used 24576K [0x00000000d5580000, 0x00000000d7680000, 0x0000000100000000)
  eden space 24576K, 100% used [0x00000000d5580000,0x00000000d6d80000,0x00000000d6d80000)
  from space 4096K, 0% used [0x00000000d6d80000,0x00000000d6d80000,0x00000000d7180000)
  to   space 4608K, 0% used [0x00000000d7200000,0x00000000d7200000,0x00000000d7680000)
 ParOldGen       total 68608K, used 12346K [0x0000000080000000, 0x0000000084300000, 0x00000000d5580000)
  object space 68608K, 17% used [0x0000000080000000,0x0000000080c0eb60,0x0000000084300000)
 Metaspace       used 22850K, committed 23808K, reserved 1114112K
  class space    used 2361K, committed 2752K, reserved 1048576K
}
Event: 18.778 GC heap after
{Heap after GC invocations=9 (full 1):
 PSYoungGen      total 27648K, used 3163K [0x00000000d5580000, 0x00000000d7580000, 0x0000000100000000)
  eden space 24064K, 0% used [0x00000000d5580000,0x00000000d5580000,0x00000000d6d00000)
  from space 3584K, 88% used [0x00000000d7200000,0x00000000d7516ff0,0x00000000d7580000)
  to   space 3584K, 0% used [0x00000000d6e80000,0x00000000d6e80000,0x00000000d7200000)
 ParOldGen       total 68608K, used 12354K [0x0000000080000000, 0x0000000084300000, 0x00000000d5580000)
  object space 68608K, 18% used [0x0000000080000000,0x0000000080c10b60,0x0000000084300000)
 Metaspace       used 22850K, committed 23808K, reserved 1114112K
  class space    used 2361K, committed 2752K, reserved 1048576K
}
Event: 19.259 GC heap before
{Heap before GC invocations=10 (full 1):
 PSYoungGen      total 27648K, used 27227K [0x00000000d5580000, 0x00000000d7580000, 0x0000000100000000)
  eden space 24064K, 100% used [0x00000000d5580000,0x00000000d6d00000,0x00000000d6d00000)
  from space 3584K, 88% used [0x00000000d7200000,0x00000000d7516ff0,0x00000000d7580000)
  to   space 3584K, 0% used [0x00000000d6e80000,0x00000000d6e80000,0x00000000d7200000)
 ParOldGen       total 68608K, used 12354K [0x0000000080000000, 0x0000000084300000, 0x00000000d5580000)
  object space 68608K, 18% used [0x0000000080000000,0x0000000080c10b60,0x0000000084300000)
 Metaspace       used 26253K, committed 27200K, reserved 1114112K
  class space    used 2617K, committed 3008K, reserved 1048576K
}
Event: 19.261 GC heap after
{Heap after GC invocations=10 (full 1):
 PSYoungGen      total 27136K, used 3566K [0x00000000d5580000, 0x00000000d7480000, 0x0000000100000000)
  eden space 23552K, 0% used [0x00000000d5580000,0x00000000d5580000,0x00000000d6c80000)
  from space 3584K, 99% used [0x00000000d6e80000,0x00000000d71fba28,0x00000000d7200000)
  to   space 2560K, 0% used [0x00000000d7200000,0x00000000d7200000,0x00000000d7480000)
 ParOldGen       total 68608K, used 12370K [0x0000000080000000, 0x0000000084300000, 0x00000000d5580000)
  object space 68608K, 18% used [0x0000000080000000,0x0000000080c14b60,0x0000000084300000)
 Metaspace       used 26253K, committed 27200K, reserved 1114112K
  class space    used 2617K, committed 3008K, reserved 1048576K
}
Event: 19.474 GC heap before
{Heap before GC invocations=11 (full 1):
 PSYoungGen      total 27136K, used 27118K [0x00000000d5580000, 0x00000000d7480000, 0x0000000100000000)
  eden space 23552K, 100% used [0x00000000d5580000,0x00000000d6c80000,0x00000000d6c80000)
  from space 3584K, 99% used [0x00000000d6e80000,0x00000000d71fba28,0x00000000d7200000)
  to   space 2560K, 0% used [0x00000000d7200000,0x00000000d7200000,0x00000000d7480000)
 ParOldGen       total 68608K, used 12370K [0x0000000080000000, 0x0000000084300000, 0x00000000d5580000)
  object space 68608K, 18% used [0x0000000080000000,0x0000000080c14b60,0x0000000084300000)
 Metaspace       used 28096K, committed 29120K, reserved 1114112K
  class space    used 2777K, committed 3200K, reserved 1048576K
}
Event: 19.478 GC heap after
{Heap after GC invocations=11 (full 1):
 PSYoungGen      total 25600K, used 2530K [0x00000000d5580000, 0x00000000d7480000, 0x0000000100000000)
  eden space 23040K, 0% used [0x00000000d5580000,0x00000000d5580000,0x00000000d6c00000)
  from space 2560K, 98% used [0x00000000d7200000,0x00000000d7478a50,0x00000000d7480000)
  to   space 3072K, 0% used [0x00000000d6e80000,0x00000000d6e80000,0x00000000d7180000)
 ParOldGen       total 68608K, used 13558K [0x0000000080000000, 0x0000000084300000, 0x00000000d5580000)
  object space 68608K, 19% used [0x0000000080000000,0x0000000080d3da18,0x0000000084300000)
 Metaspace       used 28096K, committed 29120K, reserved 1114112K
  class space    used 2777K, committed 3200K, reserved 1048576K
}
Event: 20.050 GC heap before
{Heap before GC invocations=12 (full 1):
 PSYoungGen      total 25600K, used 25570K [0x00000000d5580000, 0x00000000d7480000, 0x0000000100000000)
  eden space 23040K, 100% used [0x00000000d5580000,0x00000000d6c00000,0x00000000d6c00000)
  from space 2560K, 98% used [0x00000000d7200000,0x00000000d7478a50,0x00000000d7480000)
  to   space 3072K, 0% used [0x00000000d6e80000,0x00000000d6e80000,0x00000000d7180000)
 ParOldGen       total 68608K, used 13558K [0x0000000080000000, 0x0000000084300000, 0x00000000d5580000)
  object space 68608K, 19% used [0x0000000080000000,0x0000000080d3da18,0x0000000084300000)
 Metaspace       used 30876K, committed 31872K, reserved 1114112K
  class space    used 3110K, committed 3520K, reserved 1048576K
}
Event: 20.054 GC heap after
{Heap after GC invocations=12 (full 1):
 PSYoungGen      total 24064K, used 1088K [0x00000000d5580000, 0x00000000d7280000, 0x0000000100000000)
  eden space 22528K, 0% used [0x00000000d5580000,0x00000000d5580000,0x00000000d6b80000)
  from space 1536K, 70% used [0x00000000d6e80000,0x00000000d6f90000,0x00000000d7000000)
  to   space 2048K, 0% used [0x00000000d7080000,0x00000000d7080000,0x00000000d7280000)
 ParOldGen       total 68608K, used 15805K [0x0000000080000000, 0x0000000084300000, 0x00000000d5580000)
  object space 68608K, 23% used [0x0000000080000000,0x0000000080f6f5c8,0x0000000084300000)
 Metaspace       used 30876K, committed 31872K, reserved 1114112K
  class space    used 3110K, committed 3520K, reserved 1048576K
}
Event: 20.608 GC heap before
{Heap before GC invocations=13 (full 1):
 PSYoungGen      total 24064K, used 23616K [0x00000000d5580000, 0x00000000d7280000, 0x0000000100000000)
  eden space 22528K, 100% used [0x00000000d5580000,0x00000000d6b80000,0x00000000d6b80000)
  from space 1536K, 70% used [0x00000000d6e80000,0x00000000d6f90000,0x00000000d7000000)
  to   space 2048K, 0% used [0x00000000d7080000,0x00000000d7080000,0x00000000d7280000)
 ParOldGen       total 68608K, used 15805K [0x0000000080000000, 0x0000000084300000, 0x00000000d5580000)
  object space 68608K, 23% used [0x0000000080000000,0x0000000080f6f5c8,0x0000000084300000)
 Metaspace       used 33143K, committed 34112K, reserved 1114112K
  class space    used 3366K, committed 3776K, reserved 1048576K
}
Event: 20.613 GC heap after
{Heap after GC invocations=13 (full 1):
 PSYoungGen      total 23552K, used 1288K [0x00000000d5580000, 0x00000000d7200000, 0x0000000100000000)
  eden space 22016K, 0% used [0x00000000d5580000,0x00000000d5580000,0x00000000d6b00000)
  from space 1536K, 83% used [0x00000000d7080000,0x00000000d71c23f0,0x00000000d7200000)
  to   space 1536K, 0% used [0x00000000d6f00000,0x00000000d6f00000,0x00000000d7080000)
 ParOldGen       total 68608K, used 16765K [0x0000000080000000, 0x0000000084300000, 0x00000000d5580000)
  object space 68608K, 24% used [0x0000000080000000,0x000000008105f608,0x0000000084300000)
 Metaspace       used 33143K, committed 34112K, reserved 1114112K
  class space    used 3366K, committed 3776K, reserved 1048576K
}

Dll operation events (11 events):
Event: 0.042 Loaded shared library C:\Program Files\Eclipse Adoptium\jdk-21.0.8.9-hotspot\bin\java.dll
Event: 0.157 Loaded shared library C:\Program Files\Eclipse Adoptium\jdk-21.0.8.9-hotspot\bin\jsvml.dll
Event: 0.480 Loaded shared library C:\Program Files\Eclipse Adoptium\jdk-21.0.8.9-hotspot\bin\zip.dll
Event: 0.514 Loaded shared library C:\Program Files\Eclipse Adoptium\jdk-21.0.8.9-hotspot\bin\instrument.dll
Event: 0.530 Loaded shared library C:\Program Files\Eclipse Adoptium\jdk-21.0.8.9-hotspot\bin\net.dll
Event: 0.535 Loaded shared library C:\Program Files\Eclipse Adoptium\jdk-21.0.8.9-hotspot\bin\nio.dll
Event: 0.545 Loaded shared library C:\Program Files\Eclipse Adoptium\jdk-21.0.8.9-hotspot\bin\zip.dll
Event: 0.642 Loaded shared library C:\Program Files\Eclipse Adoptium\jdk-21.0.8.9-hotspot\bin\jimage.dll
Event: 0.848 Loaded shared library C:\Program Files\Eclipse Adoptium\jdk-21.0.8.9-hotspot\bin\verify.dll
Event: 8.270 Loaded shared library C:\Users\HP LAPTOP\AppData\Roaming\Code\User\globalStorage\redhat.java\1.49.0\config_win\org.eclipse.equinox.launcher\org.eclipse.equinox.launcher.win32.win32.x86_64_1.2.1400.v20250801-0854\eclipse_11916.dll
Event: 14.953 Loaded shared library C:\Users\HP LAPTOP\AppData\Local\Temp\jna-1271828466\jna15472813434053375186.dll

Deoptimization events (20 events):
Event: 20.117 Thread 0x000001bf9c458aa0 DEOPT PACKING pc=0x000001bf4914ca30 sp=0x0000000792efdba0
Event: 20.117 Thread 0x000001bf9c458aa0 DEOPT UNPACKING pc=0x000001bf48a86da2 sp=0x0000000792efdaf8 mode 2
Event: 20.117 Thread 0x000001bf9c458aa0 Uncommon trap: trap_request=0xffffffc6 fr.pc=0x000001bf4914ca30 relative=0x0000000000000950
Event: 20.117 Thread 0x000001bf9c458aa0 Uncommon trap: reason=bimorphic_or_optimized_type_check action=maybe_recompile pc=0x000001bf4914ca30 method=java.util.HashMap.putVal(ILjava/lang/Object;Ljava/lang/Object;ZZ)Ljava/lang/Object; @ 56 c2
Event: 20.118 Thread 0x000001bf9c458aa0 DEOPT PACKING pc=0x000001bf4914ca30 sp=0x0000000792efdba0
Event: 20.118 Thread 0x000001bf9c458aa0 DEOPT UNPACKING pc=0x000001bf48a86da2 sp=0x0000000792efdaf8 mode 2
Event: 20.118 Thread 0x000001bf9ce3d2a0 Uncommon trap: trap_request=0xffffffc6 fr.pc=0x000001bf490c9f4c relative=0x0000000000000f6c
Event: 20.118 Thread 0x000001bf9ce3d2a0 Uncommon trap: reason=bimorphic_or_optimized_type_check action=maybe_recompile pc=0x000001bf490c9f4c method=java.util.Properties$LineReader.readLine()I @ 479 c2
Event: 20.118 Thread 0x000001bf9ce3d2a0 DEOPT PACKING pc=0x000001bf490c9f4c sp=0x00000007934fd4b0
Event: 20.118 Thread 0x000001bf9ce3d2a0 DEOPT UNPACKING pc=0x000001bf48a86da2 sp=0x00000007934fd450 mode 2
Event: 20.201 Thread 0x000001bf9ce3d2a0 Uncommon trap: trap_request=0xffffff45 fr.pc=0x000001bf4910f0d4 relative=0x0000000000000134
Event: 20.201 Thread 0x000001bf9ce3d2a0 Uncommon trap: reason=unstable_if action=reinterpret pc=0x000001bf4910f0d4 method=java.util.ArrayList.indexOfRange(Ljava/lang/Object;II)I @ 7 c2
Event: 20.201 Thread 0x000001bf9ce3d2a0 DEOPT PACKING pc=0x000001bf4910f0d4 sp=0x00000007934fe120
Event: 20.201 Thread 0x000001bf9ce3d2a0 DEOPT UNPACKING pc=0x000001bf48a86da2 sp=0x00000007934fdfe0 mode 2
Event: 20.255 Thread 0x000001bf9ce3d2a0 Uncommon trap: trap_request=0xffffff45 fr.pc=0x000001bf49102830 relative=0x0000000000000110
Event: 20.255 Thread 0x000001bf9ce3d2a0 Uncommon trap: reason=unstable_if action=reinterpret pc=0x000001bf49102830 method=java.util.ArrayList.indexOfRange(Ljava/lang/Object;II)I @ 7 c2
Event: 20.255 Thread 0x000001bf9ce3d2a0 DEOPT PACKING pc=0x000001bf49102830 sp=0x00000007934fe070
Event: 20.255 Thread 0x000001bf9ce3d2a0 DEOPT UNPACKING pc=0x000001bf48a86da2 sp=0x00000007934fdff0 mode 2
Event: 20.746 Thread 0x000001bf9ce3d2a0 DEOPT PACKING pc=0x000001bf41e4b1d3 sp=0x00000007934fde90
Event: 20.746 Thread 0x000001bf9ce3d2a0 DEOPT UNPACKING pc=0x000001bf48a878e2 sp=0x00000007934fd300 mode 0

Classes loaded (20 events):
Event: 20.615 Loading class com/sun/org/apache/xml/internal/serializer/NamespaceMappings
Event: 20.615 Loading class com/sun/org/apache/xml/internal/serializer/NamespaceMappings done
Event: 20.616 Loading class com/sun/org/apache/xml/internal/serializer/NamespaceMappings$MappingRecord
Event: 20.616 Loading class com/sun/org/apache/xml/internal/serializer/NamespaceMappings$MappingRecord done
Event: 20.616 Loading class javax/xml/transform/stream/StreamSource
Event: 20.617 Loading class javax/xml/transform/stream/StreamSource done
Event: 20.617 Loading class javax/xml/transform/sax/SAXSource
Event: 20.617 Loading class javax/xml/transform/sax/SAXSource done
Event: 20.617 Loading class javax/xml/transform/stax/StAXSource
Event: 20.617 Loading class javax/xml/transform/stax/StAXSource done
Event: 20.617 Loading class com/sun/org/apache/xalan/internal/xsltc/trax/DOM2TO
Event: 20.618 Loading class com/sun/org/apache/xalan/internal/xsltc/trax/DOM2TO done
Event: 20.624 Loading class com/sun/org/apache/xml/internal/serializer/WriterToUTF8Buffered
Event: 20.624 Loading class com/sun/org/apache/xml/internal/serializer/WriterChain
Event: 20.625 Loading class com/sun/org/apache/xml/internal/serializer/WriterChain done
Event: 20.625 Loading class com/sun/org/apache/xml/internal/serializer/WriterToUTF8Buffered done
Event: 20.625 Loading class com/sun/org/apache/xml/internal/serializer/WriterToASCI
Event: 20.625 Loading class com/sun/org/apache/xml/internal/serializer/WriterToASCI done
Event: 20.717 Loading class sun/nio/cs/UTF_8$Encoder
Event: 20.718 Loading class sun/nio/cs/UTF_8$Encoder done

Classes unloaded (7 events):
Event: 17.767 Thread 0x000001bf54d71d30 Unloading class 0x000001bf561ad400 'java/lang/invoke/LambdaForm$MH+0x000001bf561ad400'
Event: 17.767 Thread 0x000001bf54d71d30 Unloading class 0x000001bf561ad000 'java/lang/invoke/LambdaForm$MH+0x000001bf561ad000'
Event: 17.767 Thread 0x000001bf54d71d30 Unloading class 0x000001bf561acc00 'java/lang/invoke/LambdaForm$MH+0x000001bf561acc00'
Event: 17.767 Thread 0x000001bf54d71d30 Unloading class 0x000001bf561ac800 'java/lang/invoke/LambdaForm$MH+0x000001bf561ac800'
Event: 17.767 Thread 0x000001bf54d71d30 Unloading class 0x000001bf561ac400 'java/lang/invoke/LambdaForm$BMH+0x000001bf561ac400'
Event: 17.767 Thread 0x000001bf54d71d30 Unloading class 0x000001bf561ac000 'java/lang/invoke/LambdaForm$DMH+0x000001bf561ac000'
Event: 17.767 Thread 0x000001bf54d71d30 Unloading class 0x000001bf561aac00 'java/lang/invoke/LambdaForm$DMH+0x000001bf561aac00'

Classes redefined (0 events):
No events

Internal exceptions (20 events):
Event: 17.896 Thread 0x000001bf9c458aa0 Exception <a 'java/lang/NoSuchMethodError'{0x00000000d57725a0}: 'int java.lang.invoke.Invokers$Holder.linkToTargetMethod(java.lang.Object, java.lang.Object)'> (0x00000000d57725a0) 
thrown [s\src\hotspot\share\interpreter\linkResolver.cpp, line 773]
Event: 17.964 Thread 0x000001bf9c458aa0 Exception <a 'java/lang/NoSuchMethodError'{0x00000000d586fb68}: 'java.lang.Object java.lang.invoke.Invokers$Holder.invoke_MT(java.lang.Object, java.lang.Object, java.lang.Object, java.lang.Object, java.lang.Object, java.lang.Object, java.lang.Object, java.lang.Object, java.lang.Object, java.lang.Object, java.lang.Object)'> (0x00000000d586fb68) 
thrown [s\src\hotspot\share\interpreter\linkResolver.cpp, line 773]
Event: 17.994 Thread 0x000001bf9c458aa0 Exception <a 'java/lang/NoSuchMethodError'{0x00000000d59152a0}: 'java.lang.Object java.lang.invoke.Invokers$Holder.invoke_MT(java.lang.Object, java.lang.Object, java.lang.Object, java.lang.Object, java.lang.Object, java.lang.Object, java.lang.Object, java.lang.Object, java.lang.Object, java.lang.Object)'> (0x00000000d59152a0) 
thrown [s\src\hotspot\share\interpreter\linkResolver.cpp, line 773]
Event: 18.039 Thread 0x000001bf9c458aa0 Exception <a 'java/lang/NoSuchMethodError'{0x00000000d59c6300}: 'java.lang.Object java.lang.invoke.DirectMethodHandle$Holder.newInvokeSpecial(java.lang.Object, java.lang.Object, java.lang.Object, java.lang.Object, java.lang.Object, java.lang.Object, java.lang.Object)'> (0x00000000d59c6300) 
thrown [s\src\hotspot\share\interpreter\linkResolver.cpp, line 773]
Event: 18.065 Thread 0x000001bf9c458aa0 Exception <a 'java/lang/NoSuchMethodError'{0x00000000d5a3e2b0}: 'java.lang.Object java.lang.invoke.Invokers$Holder.invoker(java.lang.Object, java.lang.Object, java.lang.Object, java.lang.Object, java.lang.Object, java.lang.Object, java.lang.Object, java.lang.Object, java.lang.Object, java.lang.Object, java.lang.Object, java.lang.Object, java.lang.Object)'> (0x00000000d5a3e2b0) 
thrown [s\src\hotspot\share\interpreter\linkResolver.cpp, line 773]
Event: 18.067 Thread 0x000001bf9c458aa0 Exception <a 'java/lang/NoSuchMethodError'{0x00000000d5a48748}: 'java.lang.Object java.lang.invoke.DelegatingMethodHandle$Holder.delegate(java.lang.Object, java.lang.Object, java.lang.Object, java.lang.Object, java.lang.Object, java.lang.Object, java.lang.Object, java.lang.Object, java.lang.Object, java.lang.Object, java.lang.Object, java.lang.Object, java.lang.Object)'> (0x00000000d5a48748) 
thrown [s\src\hotspot\share\interpreter\linkResolver.cpp, line 773]
Event: 18.085 Thread 0x000001bf9c458aa0 Exception <a 'java/lang/NoSuchMethodError'{0x00000000d5ab63a8}: static Lorg/eclipse/m2e/core/internal/lifecyclemapping/model/PluginExecutionMetadata;.<clinit>()V> (0x00000000d5ab63a8) 
thrown [s\src\hotspot\share\prims\jni.cpp, line 1111]
Event: 18.103 Thread 0x000001bf9c458aa0 Exception <a 'java/lang/NoSuchMethodError'{0x00000000d5b16170}: static Lorg/eclipse/m2e/core/internal/lifecyclemapping/model/PluginExecutionFilter;.<clinit>()V> (0x00000000d5b16170) 
thrown [s\src\hotspot\share\prims\jni.cpp, line 1111]
Event: 18.113 Thread 0x000001bf9c458aa0 Exception <a 'java/lang/NoSuchMethodError'{0x00000000d5b462a8}: static Lorg/eclipse/m2e/core/internal/project/registry/MavenProjectFacade$MavenProjectConfiguration;.<clinit>()V> (0x00000000d5b462a8) 
thrown [s\src\hotspot\share\prims\jni.cpp, line 1111]
Event: 18.318 Thread 0x000001bf9c458aa0 Exception <a 'java/lang/NoSuchMethodError'{0x00000000d60a9d80}: 'double java.lang.invoke.DirectMethodHandle$Holder.invokeStatic(java.lang.Object, java.lang.Object)'> (0x00000000d60a9d80) 
thrown [s\src\hotspot\share\interpreter\linkResolver.cpp, line 773]
Event: 18.320 Thread 0x000001bf9c458aa0 Exception <a 'java/lang/NoSuchMethodError'{0x00000000d60ad440}: 'double java.lang.invoke.DirectMethodHandle$Holder.invokeStaticInit(java.lang.Object, java.lang.Object)'> (0x00000000d60ad440) 
thrown [s\src\hotspot\share\interpreter\linkResolver.cpp, line 773]
Event: 19.216 Thread 0x000001bf9c458aa0 Implicit null exception at 0x000001bf491a2275 to 0x000001bf491a2388
Event: 19.327 Thread 0x000001bf9ce3d2a0 Exception <a 'java/lang/NoSuchMethodError'{0x00000000d5ae4200}: 'java.lang.Object java.lang.invoke.DirectMethodHandle$Holder.invokeSpecialIFC(java.lang.Object, java.lang.Object, java.lang.Object, java.lang.Object)'> (0x00000000d5ae4200) 
thrown [s\src\hotspot\share\interpreter\linkResolver.cpp, line 773]
Event: 19.483 Thread 0x000001bf9c458aa0 Exception <a 'java/lang/NoSuchMethodError'{0x00000000d56072d8}: 'java.lang.Object java.lang.invoke.DirectMethodHandle$Holder.newInvokeSpecial(java.lang.Object, int, java.lang.Object, java.lang.Object)'> (0x00000000d56072d8) 
thrown [s\src\hotspot\share\interpreter\linkResolver.cpp, line 773]
Event: 19.950 Thread 0x000001bf9c458aa0 Exception <a 'java/lang/ClassNotFoundException'{0x00000000d6837df0}: com/sun/org/apache/xerces/internal/impl/msg/spi/DOMMessagesProvider> (0x00000000d6837df0) 
thrown [s\src\hotspot\share\classfile\systemDictionary.cpp, line 312]
Event: 19.955 Thread 0x000001bf9c458aa0 Exception <a 'java/lang/ClassNotFoundException'{0x00000000d6853390}: com/sun/org/apache/xerces/internal/impl/msg/spi/XMLSerializerMessagesProvider> (0x00000000d6853390) 
thrown [s\src\hotspot\share\classfile\systemDictionary.cpp, line 312]
Event: 19.957 Thread 0x000001bf9c458aa0 Exception <a 'java/lang/ClassNotFoundException'{0x00000000d6884860}: com/sun/org/apache/xerces/internal/impl/msg/spi/XMLMessagesProvider> (0x00000000d6884860) 
thrown [s\src\hotspot\share\classfile\systemDictionary.cpp, line 312]
Event: 20.148 Thread 0x000001bf9ce3d2a0 Exception <a 'java/lang/NoClassDefFoundError'{0x00000000d5947040}: javax/enterprise/inject/Typed> (0x00000000d5947040) 
thrown [s\src\hotspot\share\classfile\systemDictionary.cpp, line 301]
Event: 20.424 Thread 0x000001bf9c458aa0 Exception <a 'java/lang/ClassNotFoundException'{0x00000000d652b340}: com/sun/org/apache/xml/internal/serializer/spi/XMLEntitiesProvider> (0x00000000d652b340) 
thrown [s\src\hotspot\share\classfile\systemDictionary.cpp, line 312]
Event: 20.854 Thread 0x000001bf9c458aa0 Exception <a 'java/io/FileNotFoundException'{0x00000000d58e45e8}> (0x00000000d58e45e8) 
thrown [s\src\hotspot\share\prims\jni.cpp, line 520]

ZGC Phase Switch (0 events):
No events

VM Operations (20 events):
Event: 17.860 Executing VM operation: HandshakeAllThreads (Deoptimize)
Event: 17.860 Executing VM operation: HandshakeAllThreads (Deoptimize) done
Event: 18.774 Executing VM operation: ParallelGCFailedAllocation (Allocation Failure)
Event: 18.778 Executing VM operation: ParallelGCFailedAllocation (Allocation Failure) done
Event: 19.259 Executing VM operation: ParallelGCFailedAllocation (Allocation Failure)
Event: 19.262 Executing VM operation: ParallelGCFailedAllocation (Allocation Failure) done
Event: 19.267 Executing VM operation: HandshakeAllThreads (Deoptimize)
Event: 19.267 Executing VM operation: HandshakeAllThreads (Deoptimize) done
Event: 19.474 Executing VM operation: ParallelGCFailedAllocation (Allocation Failure)
Event: 19.479 Executing VM operation: ParallelGCFailedAllocation (Allocation Failure) done
Event: 20.050 Executing VM operation: ParallelGCFailedAllocation (Allocation Failure)
Event: 20.054 Executing VM operation: ParallelGCFailedAllocation (Allocation Failure) done
Event: 20.116 Executing VM operation: HandshakeAllThreads (Deoptimize)
Event: 20.116 Executing VM operation: HandshakeAllThreads (Deoptimize) done
Event: 20.127 Executing VM operation: HandshakeAllThreads (Deoptimize)
Event: 20.127 Executing VM operation: HandshakeAllThreads (Deoptimize) done
Event: 20.495 Executing VM operation: HandshakeAllThreads (Deoptimize)
Event: 20.495 Executing VM operation: HandshakeAllThreads (Deoptimize) done
Event: 20.608 Executing VM operation: ParallelGCFailedAllocation (Allocation Failure)
Event: 20.613 Executing VM operation: ParallelGCFailedAllocation (Allocation Failure) done

Memory protections (0 events):
No events

Nmethod flushes (0 events):
No events

Events (20 events):
Event: 12.520 Thread 0x000001bf54d829f0 Thread added: 0x000001bf977893c0
Event: 12.915 Thread 0x000001bf977893c0 Thread exited: 0x000001bf977893c0
Event: 13.338 Thread 0x000001bf97788620 Thread exited: 0x000001bf97788620
Event: 13.485 Thread 0x000001bf9c458aa0 Thread added: 0x000001bf976ffd40
Event: 15.069 Thread 0x000001bf9c458aa0 Thread added: 0x000001bf9c82bec0
Event: 15.291 Thread 0x000001bf9c458aa0 Thread added: 0x000001bf9ce3e650
Event: 15.375 Thread 0x000001bf9c458aa0 Thread added: 0x000001bf9ce3d2a0
Event: 15.708 Thread 0x000001bf54d8e4b0 Thread added: 0x000001bf9c8d16f0
Event: 15.853 Thread 0x000001bf9c8d16f0 Thread exited: 0x000001bf9c8d16f0
Event: 16.756 Thread 0x000001bf54d8e4b0 Thread added: 0x000001bf9c66d6a0
Event: 17.117 Thread 0x000001bf9c66d6a0 Thread exited: 0x000001bf9c66d6a0
Event: 17.999 Thread 0x000001bf54d8e4b0 Thread added: 0x000001bf9c66eb10
Event: 18.383 Thread 0x000001bf9c66eb10 Thread exited: 0x000001bf9c66eb10
Event: 18.748 Thread 0x000001bf54d8e4b0 Thread added: 0x000001bf9cb05370
Event: 18.780 Thread 0x000001bf9cb05370 Thread added: 0x000001bf9cb06110
Event: 19.015 Thread 0x000001bf9cb06110 Thread exited: 0x000001bf9cb06110
Event: 19.015 Thread 0x000001bf9cb05370 Thread exited: 0x000001bf9cb05370
Event: 19.285 Thread 0x000001bf54d8e4b0 Thread added: 0x000001bf9d0a6eb0
Event: 19.443 Thread 0x000001bf9ce3e650 Thread added: 0x000001bf9ce3d930
Event: 20.022 Thread 0x000001bf9c458aa0 Thread added: 0x000001bf9ce3ece0


Dynamic libraries:
0x00007ff676b20000 - 0x00007ff676b2e000 	C:\Program Files\Eclipse Adoptium\jdk-21.0.8.9-hotspot\bin\java.exe
0x00007ffd24120000 - 0x00007ffd24388000 	C:\WINDOWS\SYSTEM32\ntdll.dll
0x00007ffd21f70000 - 0x00007ffd22039000 	C:\WINDOWS\System32\KERNEL32.DLL
0x00007ffd21540000 - 0x00007ffd21938000 	C:\WINDOWS\System32\KERNELBASE.dll
0x00007ffd21cc0000 - 0x00007ffd21e0b000 	C:\WINDOWS\System32\ucrtbase.dll
0x00007ffce5730000 - 0x00007ffce574e000 	C:\Program Files\Eclipse Adoptium\jdk-21.0.8.9-hotspot\bin\VCRUNTIME140.dll
0x00007ffcdbcc0000 - 0x00007ffcdbcd8000 	C:\Program Files\Eclipse Adoptium\jdk-21.0.8.9-hotspot\bin\jli.dll
0x00007ffd23dc0000 - 0x00007ffd23f87000 	C:\WINDOWS\System32\USER32.dll
0x00007ffd07dd0000 - 0x00007ffd08064000 	C:\WINDOWS\WinSxS\amd64_microsoft.windows.common-controls_6595b64144ccf1df_6.0.26100.7019_none_3e06ffa0e335b8a8\COMCTL32.dll
0x00007ffd21510000 - 0x00007ffd21537000 	C:\WINDOWS\System32\win32u.dll
0x00007ffd21ec0000 - 0x00007ffd21f69000 	C:\WINDOWS\System32\msvcrt.dll
0x00007ffd22e90000 - 0x00007ffd22ebb000 	C:\WINDOWS\System32\GDI32.dll
0x00007ffd21270000 - 0x00007ffd2139c000 	C:\WINDOWS\System32\gdi32full.dll
0x00007ffd21e10000 - 0x00007ffd21eb3000 	C:\WINDOWS\System32\msvcp_win.dll
0x00007ffd22090000 - 0x00007ffd220c1000 	C:\WINDOWS\System32\IMM32.DLL
0x00007ffd0bff0000 - 0x00007ffd0bffc000 	C:\Program Files\Eclipse Adoptium\jdk-21.0.8.9-hotspot\bin\vcruntime140_1.dll
0x00007ffcd0d80000 - 0x00007ffcd0e0d000 	C:\Program Files\Eclipse Adoptium\jdk-21.0.8.9-hotspot\bin\msvcp140.dll
0x00007ffcd12c0000 - 0x00007ffcd2057000 	C:\Program Files\Eclipse Adoptium\jdk-21.0.8.9-hotspot\bin\server\jvm.dll
0x00007ffd22460000 - 0x00007ffd22514000 	C:\WINDOWS\System32\ADVAPI32.dll
0x00007ffd23950000 - 0x00007ffd239f6000 	C:\WINDOWS\System32\sechost.dll
0x00007ffd23830000 - 0x00007ffd23948000 	C:\WINDOWS\System32\RPCRT4.dll
0x00007ffd23ae0000 - 0x00007ffd23b54000 	C:\WINDOWS\System32\WS2_32.dll
0x00007ffd210d0000 - 0x00007ffd2112e000 	C:\WINDOWS\SYSTEM32\POWRPROF.dll
0x00007ffd08250000 - 0x00007ffd08285000 	C:\WINDOWS\SYSTEM32\WINMM.dll
0x00007ffd17e20000 - 0x00007ffd17e2b000 	C:\WINDOWS\SYSTEM32\VERSION.dll
0x00007ffd210b0000 - 0x00007ffd210c4000 	C:\WINDOWS\SYSTEM32\UMPDC.dll
0x00007ffd20030000 - 0x00007ffd2004b000 	C:\WINDOWS\SYSTEM32\kernel.appcore.dll
0x00007ffd0b670000 - 0x00007ffd0b67a000 	C:\Program Files\Eclipse Adoptium\jdk-21.0.8.9-hotspot\bin\jimage.dll
0x00007ffd1e670000 - 0x00007ffd1e8b2000 	C:\WINDOWS\SYSTEM32\DBGHELP.DLL
0x00007ffd220d0000 - 0x00007ffd2245b000 	C:\WINDOWS\System32\combase.dll
0x00007ffd23a00000 - 0x00007ffd23ad7000 	C:\WINDOWS\System32\OLEAUT32.dll
0x00007ffd03180000 - 0x00007ffd031bc000 	C:\WINDOWS\SYSTEM32\dbgcore.DLL
0x00007ffd21a90000 - 0x00007ffd21b35000 	C:\WINDOWS\System32\bcryptPrimitives.dll
0x00007ffd08780000 - 0x00007ffd0878f000 	C:\Program Files\Eclipse Adoptium\jdk-21.0.8.9-hotspot\bin\instrument.dll
0x00007ffce5290000 - 0x00007ffce52af000 	C:\Program Files\Eclipse Adoptium\jdk-21.0.8.9-hotspot\bin\java.dll
0x00007ffd230d0000 - 0x00007ffd2381f000 	C:\WINDOWS\System32\SHELL32.dll
0x00007ffd213a0000 - 0x00007ffd2150b000 	C:\WINDOWS\System32\wintypes.dll
0x00007ffd1ee80000 - 0x00007ffd1f6dd000 	C:\WINDOWS\SYSTEM32\windows.storage.dll
0x00007ffd226d0000 - 0x00007ffd227c2000 	C:\WINDOWS\System32\SHCORE.dll
0x00007ffd22630000 - 0x00007ffd22697000 	C:\WINDOWS\System32\shlwapi.dll
0x00007ffd21190000 - 0x00007ffd211b9000 	C:\WINDOWS\SYSTEM32\profapi.dll
0x00007ffcd11e0000 - 0x00007ffcd12b7000 	C:\Program Files\Eclipse Adoptium\jdk-21.0.8.9-hotspot\bin\jsvml.dll
0x00007ffcdbce0000 - 0x00007ffcdbcf8000 	C:\Program Files\Eclipse Adoptium\jdk-21.0.8.9-hotspot\bin\zip.dll
0x00007ffd0b630000 - 0x00007ffd0b640000 	C:\Program Files\Eclipse Adoptium\jdk-21.0.8.9-hotspot\bin\net.dll
0x00007ffd13920000 - 0x00007ffd13a48000 	C:\WINDOWS\SYSTEM32\WINHTTP.dll
0x00007ffd205a0000 - 0x00007ffd2060b000 	C:\WINDOWS\system32\mswsock.dll
0x00007ffce0ed0000 - 0x00007ffce0ee6000 	C:\Program Files\Eclipse Adoptium\jdk-21.0.8.9-hotspot\bin\nio.dll
0x00007ffd0a5a0000 - 0x00007ffd0a5b0000 	C:\Program Files\Eclipse Adoptium\jdk-21.0.8.9-hotspot\bin\verify.dll
0x00007ffcf7e60000 - 0x00007ffcf7ea4000 	C:\Users\HP LAPTOP\AppData\Roaming\Code\User\globalStorage\redhat.java\1.49.0\config_win\org.eclipse.equinox.launcher\org.eclipse.equinox.launcher.win32.win32.x86_64_1.2.1400.v20250801-0854\eclipse_11916.dll
0x00007ffd227d0000 - 0x00007ffd22967000 	C:\WINDOWS\System32\ole32.dll
0x00007ffd20860000 - 0x00007ffd2087b000 	C:\WINDOWS\SYSTEM32\CRYPTSP.dll
0x00007ffd1ff90000 - 0x00007ffd1ffca000 	C:\WINDOWS\system32\rsaenh.dll
0x00007ffd20650000 - 0x00007ffd2067b000 	C:\WINDOWS\SYSTEM32\USERENV.dll
0x00007ffd21160000 - 0x00007ffd2118a000 	C:\WINDOWS\SYSTEM32\bcrypt.dll
0x00007ffd20880000 - 0x00007ffd2088c000 	C:\WINDOWS\SYSTEM32\CRYPTBASE.dll
0x00007ffd1faa0000 - 0x00007ffd1fad4000 	C:\WINDOWS\SYSTEM32\IPHLPAPI.DLL
0x00007ffd22520000 - 0x00007ffd2252a000 	C:\WINDOWS\System32\NSI.dll
0x00007ffcf2290000 - 0x00007ffcf22d9000 	C:\Users\HP LAPTOP\AppData\Local\Temp\jna-1271828466\jna15472813434053375186.dll
0x00007ffd23db0000 - 0x00007ffd23db8000 	C:\WINDOWS\System32\PSAPI.DLL

JVMTI agents:
c:\Users\HP LAPTOP\.vscode\extensions\redhat.java-1.49.0\lombok\lombok-1.18.39-4050.jar path:C:\Program Files\Eclipse Adoptium\jdk-21.0.8.9-hotspot\bin\instrument.dll, loaded, initialized, instrumentlib options:none

dbghelp: loaded successfully - version: 4.0.5 - missing functions: none
symbol engine: initialized successfully - sym options: 0x614 - pdb path: .;C:\Program Files\Eclipse Adoptium\jdk-21.0.8.9-hotspot\bin;C:\WINDOWS\SYSTEM32;C:\WINDOWS\WinSxS\amd64_microsoft.windows.common-controls_6595b64144ccf1df_6.0.26100.7019_none_3e06ffa0e335b8a8;C:\Program Files\Eclipse Adoptium\jdk-21.0.8.9-hotspot\bin\server;C:\Users\HP LAPTOP\AppData\Roaming\Code\User\globalStorage\redhat.java\1.49.0\config_win\org.eclipse.equinox.launcher\org.eclipse.equinox.launcher.win32.win32.x86_64_1.2.1400.v20250801-0854;C:\Users\HP LAPTOP\AppData\Local\Temp\jna-1271828466

VM Arguments:
jvm_args: --add-modules=ALL-SYSTEM --add-opens=java.base/java.util=ALL-UNNAMED --add-opens=java.base/java.lang=ALL-UNNAMED --add-opens=java.base/sun.nio.fs=ALL-UNNAMED -Declipse.application=org.eclipse.jdt.ls.core.id1 -Dosgi.bundles.defaultStartLevel=4 -Declipse.product=org.eclipse.jdt.ls.core.product -Djava.import.generatesMetadataFilesAtProjectRoot=false -DDetectVMInstallationsJob.disabled=true -Dfile.encoding=utf8 -XX:+UseParallelGC -XX:GCTimeRatio=4 -XX:AdaptiveSizePolicyWeight=90 -Dsun.zip.disableMemoryMapping=true -Xmx2G -Xms100m -Xlog:disable -javaagent:c:\Users\HP LAPTOP\.vscode\extensions\redhat.java-1.49.0\lombok\lombok-1.18.39-4050.jar -XX:+HeapDumpOnOutOfMemoryError -XX:HeapDumpPath=c:\Users\HP LAPTOP\AppData\Roaming\Code\User\workspaceStorage\0bad53627d758e82a8edc77273faf5df\redhat.java -Daether.dependencyCollector.impl=bf 
java_command: c:\Users\HP LAPTOP\.vscode\extensions\redhat.java-1.49.0\server\plugins\org.eclipse.equinox.launcher_1.7.100.v20251111-0406.jar -configuration c:\Users\HP LAPTOP\AppData\Roaming\Code\User\globalStorage\redhat.java\1.49.0\config_win -data c:\Users\HP LAPTOP\AppData\Roaming\Code\User\workspaceStorage\0bad53627d758e82a8edc77273faf5df\redhat.java\jdt_ws --pipe=\\.\pipe\lsp-6795065f73ef7d564aa556387245769b-sock
java_class_path (initial): c:\Users\HP LAPTOP\.vscode\extensions\redhat.java-1.49.0\server\plugins\org.eclipse.equinox.launcher_1.7.100.v20251111-0406.jar
Launcher Type: SUN_STANDARD

[Global flags]
    uintx AdaptiveSizePolicyWeight                 = 90                                        {product} {command line}
     intx CICompilerCount                          = 4                                         {product} {ergonomic}
    uintx GCTimeRatio                              = 4                                         {product} {command line}
     bool HeapDumpOnOutOfMemoryError               = true                                   {manageable} {command line}
    ccstr HeapDumpPath                             = c:\Users\HP LAPTOP\AppData\Roaming\Code\User\workspaceStorage\0bad53627d758e82a8edc77273faf5df\redhat.java         {manageable} {command line}
   size_t InitialHeapSize                          = 104857600                                 {product} {command line}
   size_t MaxHeapSize                              = 2147483648                                {product} {command line}
   size_t MaxNewSize                               = 715653120                                 {product} {ergonomic}
   size_t MinHeapDeltaBytes                        = 524288                                    {product} {ergonomic}
   size_t MinHeapSize                              = 104857600                                 {product} {command line}
   size_t NewSize                                  = 34603008                                  {product} {ergonomic}
    uintx NonNMethodCodeHeapSize                   = 5839372                                {pd product} {ergonomic}
    uintx NonProfiledCodeHeapSize                  = 122909434                              {pd product} {ergonomic}
   size_t OldSize                                  = 70254592                                  {product} {ergonomic}
    uintx ProfiledCodeHeapSize                     = 122909434                              {pd product} {ergonomic}
    uintx ReservedCodeCacheSize                    = 251658240                              {pd product} {ergonomic}
     bool SegmentedCodeCache                       = true                                      {product} {ergonomic}
   size_t SoftMaxHeapSize                          = 2147483648                             {manageable} {ergonomic}
     bool UseCompressedOops                        = true                           {product lp64_product} {ergonomic}
     bool UseLargePagesIndividualAllocation        = false                                  {pd product} {ergonomic}
     bool UseParallelGC                            = true                                      {product} {command line}

Logging:
Log output configuration:
 #0: stdout all=off uptime,level,tags foldmultilines=false
 #1: stderr all=off uptime,level,tags foldmultilines=false

Environment Variables:
JAVA_HOME=C:\Program Files\Eclipse Adoptium\jdk-21.0.8.9-hotspot
PATH=C:\Program Files\Eclipse Adoptium\jdk-21.0.8.9-hotspot\bin;C:\Program Files\Common Files\Oracle\Java\javapath;C:\Program Files (x86)\Common Files\Oracle\Java\javapath;C:\ProgramData\Oracle\Java\javapath;C:\WINDOWS\system32;C:\WINDOWS;C:\WINDOWS\System32\Wbem;C:\WINDOWS\System32\WindowsPowerShell\v1.0\;C:\WINDOWS\System32\OpenSSH\;C:\Program Files\Eclipse Adoptium\jdk-21.0.8.9-hotspot\bin;C:\Program Files\Git\cmd;C:\xampp\php;C:\ProgramData\ComposerSetup\bin;C:\Program Files\nodejs\;C:\Program Files\dotnet\;C:\Program Files\Docker\Docker\resources\bin;C:\Program Files\Apache\Maven\bin;C:\Program Files\PowerShell\7\;C:\Users\HP LAPTOP\AppData\Local\Programs\Quarto\bin;C:\Users\HP LAPTOP\AppData\Local\Microsoft\WindowsApps;C:\Users\HP LAPTOP\AppData\Local\atom\bin;C:\Users\HP LAPTOP\AppData\Local\Microsoft\WindowsApps;C:\Users\HP LAPTOP\AppData\Local\Programs\Microsoft VS Code\bin;C:\\xampp\\php\\php.exe;C:\Users\HP LAPTOP\AppData\Roaming\Composer\vendor\bin;C:\Program Files\nodejs\;C:\Users\HP LAPTOP\AppData\Roaming\npm;C:\Users\HP LAPTOP\AppData\Local\GitHubDesktop\bin;C:\Users\HP LAPTOP\AppData\Local\Programs\cursor\resources\app\bin;C:\Users\HP LAPTOP\Documents\Paquetes\apache-maven-3.9.11\bin;C:\Program Files\JetBrains\IntelliJ IDEA 2025.2.2\bin
USERNAME=HP LAPTOP
OS=Windows_NT
PROCESSOR_IDENTIFIER=Intel64 Family 6 Model 126 Stepping 5, GenuineIntel
TMP=C:\Users\HPLAPT~1\AppData\Local\Temp
TEMP=C:\Users\HPLAPT~1\AppData\Local\Temp




Periodic native trim disabled

---------------  S Y S T E M  ---------------

OS:
 Windows 11 , 64 bit Build 26100 (10.0.26100.7019)
OS uptime: 0 days 4:02 hours
Hyper-V role detected

CPU: total 8 (initial active 8) (4 cores per cpu, 2 threads per core) family 6 model 126 stepping 5 microcode 0xbc, cx8, cmov, fxsr, ht, mmx, 3dnowpref, sse, sse2, sse3, ssse3, sse4.1, sse4.2, popcnt, lzcnt, tsc, tscinvbit, avx, avx2, aes, erms, clmul, bmi1, bmi2, adx, avx512f, avx512dq, avx512cd, avx512bw, avx512vl, sha, fma, vzeroupper, avx512_vpopcntdq, avx512_vpclmulqdq, avx512_vaes, avx512_vnni, clflush, clflushopt, avx512_vbmi2, avx512_vbmi, hv, rdtscp, rdpid, fsrm, gfni, avx512_bitalg, f16c, avx512_ifma
Processor Information for the first 8 processors :
  Max Mhz: 1201, Current Mhz: 1201, Mhz Limit: 1201

Memory: 4k page, system-wide physical 7876M (716M free)
TotalPageFile size 20239M (AvailPageFile size 9M)
current process WorkingSet (physical memory assigned to process): 196M, peak: 196M
current process commit charge ("private bytes"): 324M, peak: 325M

vm_info: OpenJDK 64-Bit Server VM (21.0.8+9-LTS) for windows-amd64 JRE (21.0.8+9-LTS), built on 2025-07-15T00:00:00Z by "admin" with MS VC++ 17.7 (VS2022)

END.
