#
# There is insufficient memory for the Java Runtime Environment to continue.
# Native memory allocation (malloc) failed to allocate 1048576 bytes. Error detail: AllocateHeap
# Possible reasons:
#   The system is out of physical RAM or swap space
#   This process is running with CompressedOops enabled, and the Java Heap may be blocking the growth of the native heap
# Possible solutions:
#   Reduce memory load on the system
#   Increase physical memory or swap space
#   Check if swap backing store is full
#   Decrease Java heap size (-Xmx/-Xms)
#   Decrease number of Java threads
#   Decrease Java thread stack sizes (-Xss)
#   Set larger code cache with -XX:ReservedCodeCacheSize=
#   JVM is running with Unscaled Compressed Oops mode in which the Java heap is
#     placed in the first 4GB address space. The Java Heap base address is the
#     maximum limit for the native heap growth. Please use -XX:HeapBaseMinAddress
#     to set the Java Heap base and to place the Java Heap above 4GB virtual address.
# This output file may be truncated or incomplete.
#
#  Out of Memory Error (allocation.cpp:44), pid=4736, tid=16824
#
# JRE version: OpenJDK Runtime Environment Temurin-21.0.8+9 (21.0.8+9) (build 21.0.8+9-LTS)
# Java VM: OpenJDK 64-Bit Server VM Temurin-21.0.8+9 (21.0.8+9-LTS, mixed mode, sharing, tiered, compressed oops, compressed class ptrs, parallel gc, windows-amd64)
# No core dump will be written. Minidumps are not enabled by default on client versions of Windows
#

---------------  S U M M A R Y ------------

Command Line: --add-modules=ALL-SYSTEM --add-opens=java.base/java.util=ALL-UNNAMED --add-opens=java.base/java.lang=ALL-UNNAMED --add-opens=java.base/sun.nio.fs=ALL-UNNAMED -Declipse.application=org.eclipse.jdt.ls.core.id1 -Dosgi.bundles.defaultStartLevel=4 -Declipse.product=org.eclipse.jdt.ls.core.product -Djava.import.generatesMetadataFilesAtProjectRoot=false -DDetectVMInstallationsJob.disabled=true -Dfile.encoding=utf8 -XX:+UseParallelGC -XX:GCTimeRatio=4 -XX:AdaptiveSizePolicyWeight=90 -Dsun.zip.disableMemoryMapping=true -Xmx2G -Xms100m -Xlog:disable -javaagent:c:\Users\HP LAPTOP\.vscode\extensions\redhat.java-1.47.0-win32-x64\lombok\lombok-1.18.39-4050.jar -XX:+HeapDumpOnOutOfMemoryError -XX:HeapDumpPath=c:\Users\HP LAPTOP\AppData\Roaming\Code\User\workspaceStorage\0bad53627d758e82a8edc77273faf5df\redhat.java -Daether.dependencyCollector.impl=bf c:\Users\HP LAPTOP\.vscode\extensions\redhat.java-1.47.0-win32-x64\server\plugins\org.eclipse.equinox.launcher_1.7.100.v20251014-1222.jar -configuration c:\Users\HP LAPTOP\AppData\Roaming\Code\User\globalStorage\redhat.java\1.47.0\config_win -data c:\Users\HP LAPTOP\AppData\Roaming\Code\User\workspaceStorage\0bad53627d758e82a8edc77273faf5df\redhat.java\jdt_ws --pipe=\\.\pipe\lsp-e07350acb88e36d3e5f7c9cd88d1d1be-sock

Host: Intel(R) Core(TM) i5-1035G1 CPU @ 1.00GHz, 8 cores, 7G,  Windows 11 , 64 bit Build 26100 (10.0.26100.7019)
Time: Mon Nov 10 12:35:03 2025 Hora est. Pacífico, Sudamérica elapsed time: 149.560882 seconds (0d 0h 2m 29s)

---------------  T H R E A D  ---------------

Current thread (0x0000014b01dbf900):  JavaThread "Attach Listener" daemon [_thread_in_vm, id=16824, stack(0x000000141ac00000,0x000000141ad00000) (1024K)]

Stack: [0x000000141ac00000,0x000000141ad00000]
Native frames: (J=compiled Java code, j=interpreted, Vv=VM code, C=native code)
V  [jvm.dll+0x6d2449]
V  [jvm.dll+0x8ae341]
V  [jvm.dll+0x8b08be]
V  [jvm.dll+0x8b0fa3]
V  [jvm.dll+0x280c96]
V  [jvm.dll+0xc0347]
V  [jvm.dll+0x6d2cf9]
V  [jvm.dll+0x131116]
V  [jvm.dll+0x3f2d16]
V  [jvm.dll+0x857e6b]
V  [jvm.dll+0x6d0b0d]
C  [ucrtbase.dll+0x37b0]
C  [KERNEL32.DLL+0x2e8d7]
C  [ntdll.dll+0x8c53c]


---------------  P R O C E S S  ---------------

Threads class SMR info:
_java_thread_list=0x0000014b65710740, length=69, elements={
0x0000014b01e3cf70, 0x0000014b01efe6f0, 0x0000014b01db9e90, 0x0000014b01dbf1a0,
0x0000014b01dbf900, 0x0000014b01dc0550, 0x0000014b01dc2fb0, 0x0000014b01dc5df0,
0x0000014b5b146cb0, 0x0000014b01eac010, 0x0000014b5b3684d0, 0x0000014b5ba29100,
0x0000014b5baae1d0, 0x0000014b60187250, 0x0000014b60184440, 0x0000014b5b4640e0,
0x0000014b5b5f9e40, 0x0000014b5b9f0dc0, 0x0000014b5b996a40, 0x0000014b6031f220,
0x0000014b6031e500, 0x0000014b6031f8b0, 0x0000014b6031eb90, 0x0000014b63c50db0,
0x0000014b63c53ba0, 0x0000014b63c51440, 0x0000014b63c54230, 0x0000014b63c548c0,
0x0000014b63c51ad0, 0x0000014b63c54f50, 0x0000014b63c555e0, 0x0000014b63c527f0,
0x0000014b63c52e80, 0x0000014b63c52160, 0x0000014b63c55c70, 0x0000014b63c53510,
0x0000014b63c57020, 0x0000014b63c57d40, 0x0000014b63c583d0, 0x0000014b608d2310,
0x0000014b608d29a0, 0x0000014b608d5100, 0x0000014b608d3d50, 0x0000014b608d1c80,
0x0000014b608d4a70, 0x0000014b608d5790, 0x0000014b608d64b0, 0x0000014b608d3030,
0x0000014b608d71d0, 0x0000014b608d7860, 0x0000014b608d7ef0, 0x0000014b608d8580,
0x0000014b608d8c10, 0x0000014b608d92a0, 0x0000014b63c576b0, 0x0000014b65466070,
0x0000014b65468140, 0x0000014b654687d0, 0x0000014b65466700, 0x0000014b65468e60,
0x0000014b65466d90, 0x0000014b65467420, 0x0000014b6546a210, 0x0000014b654694f0,
0x0000014b6546a8a0, 0x0000014b6546af30, 0x0000014b6546c970, 0x0000014b6546b5c0,
0x0000014b65469b80
}

Java Threads: ( => current thread )
  0x0000014b01e3cf70 JavaThread "main"                              [_thread_blocked, id=23436, stack(0x000000141a500000,0x000000141a600000) (1024K)]
  0x0000014b01efe6f0 JavaThread "Reference Handler"          daemon [_thread_blocked, id=8080, stack(0x000000141a900000,0x000000141aa00000) (1024K)]
  0x0000014b01db9e90 JavaThread "Finalizer"                  daemon [_thread_blocked, id=7516, stack(0x000000141aa00000,0x000000141ab00000) (1024K)]
  0x0000014b01dbf1a0 JavaThread "Signal Dispatcher"          daemon [_thread_blocked, id=22476, stack(0x000000141ab00000,0x000000141ac00000) (1024K)]
=>0x0000014b01dbf900 JavaThread "Attach Listener"            daemon [_thread_in_vm, id=16824, stack(0x000000141ac00000,0x000000141ad00000) (1024K)]
  0x0000014b01dc0550 JavaThread "Service Thread"             daemon [_thread_blocked, id=23480, stack(0x000000141ad00000,0x000000141ae00000) (1024K)]
  0x0000014b01dc2fb0 JavaThread "Monitor Deflation Thread"   daemon [_thread_blocked, id=13380, stack(0x000000141ae00000,0x000000141af00000) (1024K)]
  0x0000014b01dc5df0 JavaThread "C2 CompilerThread0"         daemon [_thread_blocked, id=15704, stack(0x000000141af00000,0x000000141b000000) (1024K)]
  0x0000014b5b146cb0 JavaThread "C1 CompilerThread0"         daemon [_thread_blocked, id=21392, stack(0x000000141b000000,0x000000141b100000) (1024K)]
  0x0000014b01eac010 JavaThread "Common-Cleaner"             daemon [_thread_blocked, id=18692, stack(0x000000141b100000,0x000000141b200000) (1024K)]
  0x0000014b5b3684d0 JavaThread "Notification Thread"        daemon [_thread_blocked, id=19928, stack(0x000000141b200000,0x000000141b300000) (1024K)]
  0x0000014b5ba29100 JavaThread "Active Thread: Equinox Container: cce04735-6c49-4c13-9646-9cb439cff8f6"        [_thread_blocked, id=23308, stack(0x000000141b300000,0x000000141b400000) (1024K)]
  0x0000014b5baae1d0 JavaThread "Refresh Thread: Equinox Container: cce04735-6c49-4c13-9646-9cb439cff8f6" daemon [_thread_blocked, id=22268, stack(0x000000141bc00000,0x000000141bd00000) (1024K)]
  0x0000014b60187250 JavaThread "Framework Event Dispatcher: Equinox Container: cce04735-6c49-4c13-9646-9cb439cff8f6" daemon [_thread_blocked, id=20724, stack(0x000000141bd00000,0x000000141be00000) (1024K)]
  0x0000014b60184440 JavaThread "Start Level: Equinox Container: cce04735-6c49-4c13-9646-9cb439cff8f6" daemon [_thread_blocked, id=19652, stack(0x000000141ba00000,0x000000141bb00000) (1024K)]
  0x0000014b5b4640e0 JavaThread "Bundle File Closer"         daemon [_thread_blocked, id=3140, stack(0x000000141a200000,0x000000141a300000) (1024K)]
  0x0000014b5b5f9e40 JavaThread "SCR Component Actor"        daemon [_thread_blocked, id=7248, stack(0x000000141be00000,0x000000141bf00000) (1024K)]
  0x0000014b5b9f0dc0 JavaThread "Worker-JM"                         [_thread_blocked, id=2172, stack(0x000000141bf00000,0x000000141c000000) (1024K)]
  0x0000014b5b996a40 JavaThread "JNA Cleaner"                daemon [_thread_blocked, id=17700, stack(0x000000141c000000,0x000000141c100000) (1024K)]
  0x0000014b6031f220 JavaThread "Worker-0"                          [_thread_blocked, id=17676, stack(0x000000141c100000,0x000000141c200000) (1024K)]
  0x0000014b6031e500 JavaThread "Worker-1"                          [_thread_blocked, id=7364, stack(0x000000141c200000,0x000000141c300000) (1024K)]
  0x0000014b6031f8b0 JavaThread "Worker-2"                          [_thread_blocked, id=23352, stack(0x000000141c300000,0x000000141c400000) (1024K)]
  0x0000014b6031eb90 JavaThread "Java indexing"              daemon [_thread_blocked, id=4192, stack(0x000000141c600000,0x000000141c700000) (1024K)]
  0x0000014b63c50db0 JavaThread "Worker-3"                          [_thread_blocked, id=20000, stack(0x000000141c700000,0x000000141c800000) (1024K)]
  0x0000014b63c53ba0 JavaThread "Worker-4"                          [_thread_blocked, id=18864, stack(0x000000141c900000,0x000000141ca00000) (1024K)]
  0x0000014b63c51440 JavaThread "Thread-1"                   daemon [_thread_in_native, id=23292, stack(0x000000141ca00000,0x000000141cb00000) (1024K)]
  0x0000014b63c54230 JavaThread "Thread-2"                   daemon [_thread_in_native, id=17916, stack(0x000000141cb00000,0x000000141cc00000) (1024K)]
  0x0000014b63c548c0 JavaThread "Thread-3"                   daemon [_thread_in_native, id=23472, stack(0x000000141cc00000,0x000000141cd00000) (1024K)]
  0x0000014b63c51ad0 JavaThread "Thread-4"                   daemon [_thread_in_native, id=20868, stack(0x000000141cd00000,0x000000141ce00000) (1024K)]
  0x0000014b63c54f50 JavaThread "Thread-5"                   daemon [_thread_in_native, id=19748, stack(0x000000141ce00000,0x000000141cf00000) (1024K)]
  0x0000014b63c555e0 JavaThread "Thread-6"                   daemon [_thread_in_native, id=14436, stack(0x000000141cf00000,0x000000141d000000) (1024K)]
  0x0000014b63c527f0 JavaThread "Thread-7"                   daemon [_thread_in_native, id=17920, stack(0x000000141d000000,0x000000141d100000) (1024K)]
  0x0000014b63c52e80 JavaThread "Thread-8"                   daemon [_thread_in_native, id=20240, stack(0x000000141d100000,0x000000141d200000) (1024K)]
  0x0000014b63c52160 JavaThread "Thread-9"                   daemon [_thread_in_native, id=18784, stack(0x000000141d200000,0x000000141d300000) (1024K)]
  0x0000014b63c55c70 JavaThread "pool-2-thread-1"                   [_thread_blocked, id=18436, stack(0x000000141d300000,0x000000141d400000) (1024K)]
  0x0000014b63c53510 JavaThread "WorkspaceEventsHandler"            [_thread_blocked, id=21404, stack(0x000000141d500000,0x000000141d600000) (1024K)]
  0x0000014b63c57020 JavaThread "pool-1-thread-1"                   [_thread_blocked, id=22204, stack(0x000000141d600000,0x000000141d700000) (1024K)]
  0x0000014b63c57d40 JavaThread "ForkJoinPool.commonPool-worker-1" daemon [_thread_blocked, id=21016, stack(0x000000141c800000,0x000000141c900000) (1024K)]
  0x0000014b63c583d0 JavaThread "ForkJoinPool.commonPool-worker-2" daemon [_thread_blocked, id=18168, stack(0x000000141d700000,0x000000141d800000) (1024K)]
  0x0000014b608d2310 JavaThread "ForkJoinPool.commonPool-worker-3" daemon [_thread_blocked, id=9736, stack(0x000000141d900000,0x000000141da00000) (1024K)]
  0x0000014b608d29a0 JavaThread "ForkJoinPool.commonPool-worker-4" daemon [_thread_blocked, id=22568, stack(0x000000141da00000,0x000000141db00000) (1024K)]
  0x0000014b608d5100 JavaThread "Worker-5"                          [_thread_blocked, id=21684, stack(0x000000141dd00000,0x000000141de00000) (1024K)]
  0x0000014b608d3d50 JavaThread "Worker-6"                          [_thread_blocked, id=18708, stack(0x000000141de00000,0x000000141df00000) (1024K)]
  0x0000014b608d1c80 JavaThread "ForkJoinPool.commonPool-worker-5" daemon [_thread_blocked, id=18028, stack(0x000000141df00000,0x000000141e000000) (1024K)]
  0x0000014b608d4a70 JavaThread "ForkJoinPool.commonPool-worker-6" daemon [_thread_blocked, id=20304, stack(0x000000141e000000,0x000000141e100000) (1024K)]
  0x0000014b608d5790 JavaThread "ForkJoinPool.commonPool-worker-7" daemon [_thread_blocked, id=8172, stack(0x000000141d800000,0x000000141d900000) (1024K)]
  0x0000014b608d64b0 JavaThread "Worker-7"                          [_thread_blocked, id=10340, stack(0x000000141e100000,0x000000141e200000) (1024K)]
  0x0000014b608d3030 JavaThread "Cleaner-0"                  daemon [_thread_blocked, id=19496, stack(0x000000141e200000,0x000000141e300000) (1024K)]
  0x0000014b608d71d0 JavaThread "LocalFile Deleter"          daemon [_thread_blocked, id=22648, stack(0x000000141e300000,0x000000141e400000) (1024K)]
  0x0000014b608d7860 JavaThread "LocalFile Deleter"          daemon [_thread_blocked, id=14616, stack(0x000000141e400000,0x000000141e500000) (1024K)]
  0x0000014b608d7ef0 JavaThread "LocalFile Deleter"          daemon [_thread_blocked, id=22916, stack(0x000000141e500000,0x000000141e600000) (1024K)]
  0x0000014b608d8580 JavaThread "LocalFile Deleter"          daemon [_thread_blocked, id=16568, stack(0x000000141e600000,0x000000141e700000) (1024K)]
  0x0000014b608d8c10 JavaThread "LocalFile Deleter"          daemon [_thread_blocked, id=9612, stack(0x000000141e700000,0x000000141e800000) (1024K)]
  0x0000014b608d92a0 JavaThread "LocalFile Deleter"          daemon [_thread_blocked, id=13960, stack(0x000000141e800000,0x000000141e900000) (1024K)]
  0x0000014b63c576b0 JavaThread "LocalFile Deleter"          daemon [_thread_blocked, id=9168, stack(0x000000141e900000,0x000000141ea00000) (1024K)]
  0x0000014b65466070 JavaThread "LocalFile Deleter"          daemon [_thread_blocked, id=22308, stack(0x000000141ea00000,0x000000141eb00000) (1024K)]
  0x0000014b65468140 JavaThread "Compiler Source File Reader" daemon [_thread_blocked, id=19920, stack(0x000000141eb00000,0x000000141ec00000) (1024K)]
  0x0000014b654687d0 JavaThread "Compiler Source File Reader" daemon [_thread_blocked, id=23372, stack(0x000000141ec00000,0x000000141ed00000) (1024K)]
  0x0000014b65466700 JavaThread "Compiler Source File Reader" daemon [_thread_blocked, id=21980, stack(0x000000141ed00000,0x000000141ee00000) (1024K)]
  0x0000014b65468e60 JavaThread "Compiler Source File Reader" daemon [_thread_blocked, id=17136, stack(0x000000141ee00000,0x000000141ef00000) (1024K)]
  0x0000014b65466d90 JavaThread "Compiler Source File Reader" daemon [_thread_blocked, id=1840, stack(0x000000141ef00000,0x000000141f000000) (1024K)]
  0x0000014b65467420 JavaThread "Compiler Source File Reader" daemon [_thread_blocked, id=19452, stack(0x000000141f000000,0x000000141f100000) (1024K)]
  0x0000014b6546a210 JavaThread "Compiler Processing Task"   daemon [_thread_blocked, id=21656, stack(0x000000141f100000,0x000000141f200000) (1024K)]
  0x0000014b654694f0 JavaThread "Compiler Class File Writer" daemon [_thread_blocked, id=3536, stack(0x000000141f200000,0x000000141f300000) (1024K)]
  0x0000014b6546a8a0 JavaThread "Compiler Class File Writer" daemon [_thread_blocked, id=20504, stack(0x000000141f300000,0x000000141f400000) (1024K)]
  0x0000014b6546af30 JavaThread "Compiler Class File Writer" daemon [_thread_blocked, id=3228, stack(0x000000141f400000,0x000000141f500000) (1024K)]
  0x0000014b6546c970 JavaThread "Compiler Class File Writer" daemon [_thread_blocked, id=18300, stack(0x000000141f500000,0x000000141f600000) (1024K)]
  0x0000014b6546b5c0 JavaThread "Compiler Class File Writer" daemon [_thread_blocked, id=17236, stack(0x000000141f600000,0x000000141f700000) (1024K)]
  0x0000014b65469b80 JavaThread "Compiler Class File Writer" daemon [_thread_blocked, id=13404, stack(0x000000141f700000,0x000000141f800000) (1024K)]
Total: 69

Other Threads:
  0x0000014b01db25e0 VMThread "VM Thread"                           [id=20664, stack(0x000000141a800000,0x000000141a900000) (1024K)]
  0x0000014b01eaac50 WatcherThread "VM Periodic Task Thread"        [id=22400, stack(0x000000141a700000,0x000000141a800000) (1024K)]
  0x0000014b01e5b360 WorkerThread "GC Thread#0"                     [id=22468, stack(0x000000141a600000,0x000000141a700000) (1024K)]
  0x0000014b5bccac10 WorkerThread "GC Thread#1"                     [id=7444, stack(0x000000141b400000,0x000000141b500000) (1024K)]
  0x0000014b5b4f29a0 WorkerThread "GC Thread#2"                     [id=22644, stack(0x000000141b500000,0x000000141b600000) (1024K)]
  0x0000014b5b4f2d40 WorkerThread "GC Thread#3"                     [id=21260, stack(0x000000141b600000,0x000000141b700000) (1024K)]
  0x0000014b5b4f30e0 WorkerThread "GC Thread#4"                     [id=18920, stack(0x000000141b700000,0x000000141b800000) (1024K)]
  0x0000014b5b4f3480 WorkerThread "GC Thread#5"                     [id=19036, stack(0x000000141b800000,0x000000141b900000) (1024K)]
  0x0000014b5bc20130 WorkerThread "GC Thread#6"                     [id=16048, stack(0x000000141b900000,0x000000141ba00000) (1024K)]
  0x0000014b5bb91ed0 WorkerThread "GC Thread#7"                     [id=23424, stack(0x000000141bb00000,0x000000141bc00000) (1024K)]
Total: 10

Threads with active compile tasks:
Total: 0

VM state: not at safepoint (normal execution)

VM Mutex/Monitor currently owned by a thread: None

Heap address: 0x0000000080000000, size: 2048 MB, Compressed Oops mode: 32-bit

CDS archive(s) mapped at: [0x0000014b19000000-0x0000014b19ba0000-0x0000014b19ba0000), size 12189696, SharedBaseAddress: 0x0000014b19000000, ArchiveRelocationMode: 1.
Compressed class space mapped at: 0x0000014b1a000000-0x0000014b5a000000, reserved size: 1073741824
Narrow klass base: 0x0000014b19000000, Narrow klass shift: 0, Narrow klass range: 0x100000000

GC Precious Log:
 CardTable entry size: 512
 CPUs: 8 total, 8 available
 Memory: 7876M
 Large Page Support: Disabled
 NUMA Support: Disabled
 Compressed Oops: Enabled (32-bit)
 Alignments: Space 512K, Generation 512K, Heap 2M
 Heap Min Capacity: 100M
 Heap Initial Capacity: 100M
 Heap Max Capacity: 2G
 Pre-touch: Disabled
 Parallel Workers: 8

Heap:
 PSYoungGen      total 19456K, used 13943K [0x00000000d5580000, 0x00000000d6d80000, 0x0000000100000000)
  eden space 18432K, 71% used [0x00000000d5580000,0x00000000d6273420,0x00000000d6780000)
  from space 1024K, 66% used [0x00000000d6c80000,0x00000000d6d2a910,0x00000000d6d80000)
  to   space 1024K, 0% used [0x00000000d6b80000,0x00000000d6b80000,0x00000000d6c80000)
 ParOldGen       total 194560K, used 194416K [0x0000000080000000, 0x000000008be00000, 0x00000000d5580000)
  object space 194560K, 99% used [0x0000000080000000,0x000000008bddc2f8,0x000000008be00000)
 Metaspace       used 77563K, committed 79360K, reserved 1179648K
  class space    used 8128K, committed 8896K, reserved 1048576K

Card table byte_map: [0x0000014b017e0000,0x0000014b01bf0000] _byte_map_base: 0x0000014b013e0000

Marking Bits: (ParMarkBitMap*) 0x00007ffb23e9a340
 Begin Bits: [0x0000014b142e0000, 0x0000014b162e0000)
 End Bits:   [0x0000014b162e0000, 0x0000014b182e0000)

Polling page: 0x0000014b01560000

Metaspace:

Usage:
  Non-class:     67.81 MB used.
      Class:      7.94 MB used.
       Both:     75.75 MB used.

Virtual space:
  Non-class space:      128.00 MB reserved,      68.81 MB ( 54%) committed,  2 nodes.
      Class space:        1.00 GB reserved,       8.69 MB ( <1%) committed,  1 nodes.
             Both:        1.12 GB reserved,      77.50 MB (  7%) committed. 

Chunk freelists:
   Non-Class:  10.66 MB
       Class:  7.36 MB
        Both:  18.01 MB

MaxMetaspaceSize: unlimited
CompressedClassSpaceSize: 1.00 GB
Initial GC threshold: 21.00 MB
Current GC threshold: 97.31 MB
CDS: on
 - commit_granule_bytes: 65536.
 - commit_granule_words: 8192.
 - virtual_space_node_default_size: 8388608.
 - enlarge_chunks_in_place: 1.
 - use_allocation_guard: 0.


Internal statistics:

num_allocs_failed_limit: 11.
num_arena_births: 1412.
num_arena_deaths: 14.
num_vsnodes_births: 3.
num_vsnodes_deaths: 0.
num_space_committed: 1240.
num_space_uncommitted: 0.
num_chunks_returned_to_freelist: 25.
num_chunks_taken_from_freelist: 5044.
num_chunk_merges: 12.
num_chunk_splits: 3034.
num_chunks_enlarged: 1624.
num_inconsistent_stats: 0.

CodeHeap 'non-profiled nmethods': size=120000Kb used=11641Kb max_used=11641Kb free=108358Kb
 bounds [0x0000014b0cb00000, 0x0000014b0d660000, 0x0000014b14030000]
CodeHeap 'profiled nmethods': size=120000Kb used=33156Kb max_used=33156Kb free=86843Kb
 bounds [0x0000014b05030000, 0x0000014b070a0000, 0x0000014b0c560000]
CodeHeap 'non-nmethods': size=5760Kb used=1503Kb max_used=1598Kb free=4256Kb
 bounds [0x0000014b0c560000, 0x0000014b0c7d0000, 0x0000014b0cb00000]
CodeCache: size=245760Kb, used=46300Kb, max_used=46395Kb, free=199457Kb
 total_blobs=14556, nmethods=13745, adapters=714, full_count=0
Compilation: enabled, stopped_count=0, restarted_count=0

Compilation events (20 events):
Event: 143.141 Thread 0x0000014b5b146cb0 nmethod 14609 0x0000014b0708c890 code [0x0000014b0708ca80, 0x0000014b0708d048]
Event: 143.142 Thread 0x0000014b5b146cb0 14610       3       org.eclipse.jdt.internal.compiler.ast.Annotation::evaluateElementTypeNullnessLocation (155 bytes)
Event: 143.143 Thread 0x0000014b5b146cb0 nmethod 14610 0x0000014b0708d210 code [0x0000014b0708d480, 0x0000014b0708e0d8]
Event: 143.155 Thread 0x0000014b5b146cb0 14613   !   3       lombok.core.FieldAugment$ReflectionFieldAugment::get (61 bytes)
Event: 143.157 Thread 0x0000014b5b146cb0 nmethod 14613 0x0000014b0708e390 code [0x0000014b0708e660, 0x0000014b0708f260]
Event: 143.157 Thread 0x0000014b5b146cb0 14614   !   3       org.eclipse.jdt.core.dom.ASTNode::acceptChildren (49 bytes)
Event: 143.158 Thread 0x0000014b60b71350 14605       4       org.eclipse.core.runtime.Path::toOSString (224 bytes)
Event: 143.159 Thread 0x0000014b5b146cb0 nmethod 14614 0x0000014b0708f890 code [0x0000014b0708fae0, 0x0000014b07090400]
Event: 143.159 Thread 0x0000014b5b146cb0 14615   !   3       org.eclipse.jdt.core.dom.ASTNode$NodeList::newCursor (50 bytes)
Event: 143.160 Thread 0x0000014b5b146cb0 nmethod 14615 0x0000014b07090910 code [0x0000014b07090ae0, 0x0000014b07090fe8]
Event: 143.174 Thread 0x0000014b01dc5df0 nmethod 14603% 0x0000014b0d657b10 code [0x0000014b0d657dc0, 0x0000014b0d659270]
Event: 143.175 Thread 0x0000014b01dc5df0 14608       4       org.eclipse.jdt.internal.core.ClasspathEntry::isModular (67 bytes)
Event: 143.181 Thread 0x0000014b01dc5df0 nmethod 14608 0x0000014b0d659e90 code [0x0000014b0d65a040, 0x0000014b0d65a318]
Event: 143.181 Thread 0x0000014b01dc5df0 14611       4       org.eclipse.jdt.core.Signature::getSimpleNames (183 bytes)
Event: 143.204 Thread 0x0000014b60b71350 nmethod 14605 0x0000014b0d65a510 code [0x0000014b0d65a760, 0x0000014b0d65ba68]
Event: 143.204 Thread 0x0000014b60b71350 14612   !   4       org.eclipse.jdt.internal.compiler.lookup.BinaryTypeBinding::superclass (207 bytes)
Event: 143.214 Thread 0x0000014b60b71350 nmethod 14612 0x0000014b0d65c490 code [0x0000014b0d65c6c0, 0x0000014b0d65cb30]
Event: 143.214 Thread 0x0000014b60b71350 14604       4       org.eclipse.jdt.internal.compiler.classfmt.ModuleInfo$ModuleReferenceInfo::hashCode (8 bytes)
Event: 143.216 Thread 0x0000014b60b71350 nmethod 14604 0x0000014b0d65cf10 code [0x0000014b0d65d0c0, 0x0000014b0d65d368]
Event: 143.218 Thread 0x0000014b01dc5df0 nmethod 14611 0x0000014b0d65d410 code [0x0000014b0d65d600, 0x0000014b0d65e3a0]

GC Heap History (20 events):
Event: 99.799 GC heap before
{Heap before GC invocations=82 (full 3):
 PSYoungGen      total 19456K, used 19008K [0x00000000d5580000, 0x00000000d6a80000, 0x0000000100000000)
  eden space 18432K, 100% used [0x00000000d5580000,0x00000000d6780000,0x00000000d6780000)
  from space 1024K, 56% used [0x00000000d6980000,0x00000000d6a10000,0x00000000d6a80000)
  to   space 1536K, 0% used [0x00000000d6780000,0x00000000d6780000,0x00000000d6900000)
 ParOldGen       total 177664K, used 177597K [0x0000000080000000, 0x000000008ad80000, 0x00000000d5580000)
  object space 177664K, 99% used [0x0000000080000000,0x000000008ad6f678,0x000000008ad80000)
 Metaspace       used 74141K, committed 75712K, reserved 1179648K
  class space    used 7905K, committed 8576K, reserved 1048576K
}
Event: 99.803 GC heap after
{Heap after GC invocations=82 (full 3):
 PSYoungGen      total 19968K, used 1527K [0x00000000d5580000, 0x00000000d7380000, 0x0000000100000000)
  eden space 18432K, 0% used [0x00000000d5580000,0x00000000d5580000,0x00000000d6780000)
  from space 1536K, 99% used [0x00000000d6780000,0x00000000d68fdd58,0x00000000d6900000)
  to   space 6144K, 0% used [0x00000000d6d80000,0x00000000d6d80000,0x00000000d7380000)
 ParOldGen       total 181760K, used 181319K [0x0000000080000000, 0x000000008b180000, 0x00000000d5580000)
  object space 181760K, 99% used [0x0000000080000000,0x000000008b111e40,0x000000008b180000)
 Metaspace       used 74141K, committed 75712K, reserved 1179648K
  class space    used 7905K, committed 8576K, reserved 1048576K
}
Event: 100.632 GC heap before
{Heap before GC invocations=83 (full 3):
 PSYoungGen      total 19968K, used 19537K [0x00000000d5580000, 0x00000000d7380000, 0x0000000100000000)
  eden space 18432K, 97% used [0x00000000d5580000,0x00000000d67168a0,0x00000000d6780000)
  from space 1536K, 99% used [0x00000000d6780000,0x00000000d68fdd58,0x00000000d6900000)
  to   space 6144K, 0% used [0x00000000d6d80000,0x00000000d6d80000,0x00000000d7380000)
 ParOldGen       total 181760K, used 181319K [0x0000000080000000, 0x000000008b180000, 0x00000000d5580000)
  object space 181760K, 99% used [0x0000000080000000,0x000000008b111e40,0x000000008b180000)
 Metaspace       used 74402K, committed 76096K, reserved 1179648K
  class space    used 7920K, committed 8640K, reserved 1048576K
}
Event: 100.636 GC heap after
{Heap after GC invocations=83 (full 3):
 PSYoungGen      total 20992K, used 2102K [0x00000000d5580000, 0x00000000d7000000, 0x0000000100000000)
  eden space 18432K, 0% used [0x00000000d5580000,0x00000000d5580000,0x00000000d6780000)
  from space 2560K, 82% used [0x00000000d6d80000,0x00000000d6f8db48,0x00000000d7000000)
  to   space 3584K, 0% used [0x00000000d6900000,0x00000000d6900000,0x00000000d6c80000)
 ParOldGen       total 183296K, used 182835K [0x0000000080000000, 0x000000008b300000, 0x00000000d5580000)
  object space 183296K, 99% used [0x0000000080000000,0x000000008b28cea8,0x000000008b300000)
 Metaspace       used 74402K, committed 76096K, reserved 1179648K
  class space    used 7920K, committed 8640K, reserved 1048576K
}
Event: 100.918 GC heap before
{Heap before GC invocations=84 (full 3):
 PSYoungGen      total 20992K, used 20534K [0x00000000d5580000, 0x00000000d7000000, 0x0000000100000000)
  eden space 18432K, 99% used [0x00000000d5580000,0x00000000d677fff8,0x00000000d6780000)
  from space 2560K, 82% used [0x00000000d6d80000,0x00000000d6f8db48,0x00000000d7000000)
  to   space 3584K, 0% used [0x00000000d6900000,0x00000000d6900000,0x00000000d6c80000)
 ParOldGen       total 183296K, used 182835K [0x0000000080000000, 0x000000008b300000, 0x00000000d5580000)
  object space 183296K, 99% used [0x0000000080000000,0x000000008b28cea8,0x000000008b300000)
 Metaspace       used 74705K, committed 76416K, reserved 1179648K
  class space    used 7937K, committed 8704K, reserved 1048576K
}
Event: 100.925 GC heap after
{Heap after GC invocations=84 (full 3):
 PSYoungGen      total 22016K, used 3160K [0x00000000d5580000, 0x00000000d6e80000, 0x0000000100000000)
  eden space 18432K, 0% used [0x00000000d5580000,0x00000000d5580000,0x00000000d6780000)
  from space 3584K, 88% used [0x00000000d6900000,0x00000000d6c16010,0x00000000d6c80000)
  to   space 2048K, 0% used [0x00000000d6c80000,0x00000000d6c80000,0x00000000d6e80000)
 ParOldGen       total 184832K, used 184624K [0x0000000080000000, 0x000000008b480000, 0x00000000d5580000)
  object space 184832K, 99% used [0x0000000080000000,0x000000008b44c1f0,0x000000008b480000)
 Metaspace       used 74705K, committed 76416K, reserved 1179648K
  class space    used 7937K, committed 8704K, reserved 1048576K
}
Event: 101.326 GC heap before
{Heap before GC invocations=85 (full 3):
 PSYoungGen      total 22016K, used 21592K [0x00000000d5580000, 0x00000000d6e80000, 0x0000000100000000)
  eden space 18432K, 100% used [0x00000000d5580000,0x00000000d6780000,0x00000000d6780000)
  from space 3584K, 88% used [0x00000000d6900000,0x00000000d6c16010,0x00000000d6c80000)
  to   space 2048K, 0% used [0x00000000d6c80000,0x00000000d6c80000,0x00000000d6e80000)
 ParOldGen       total 184832K, used 184624K [0x0000000080000000, 0x000000008b480000, 0x00000000d5580000)
  object space 184832K, 99% used [0x0000000080000000,0x000000008b44c1f0,0x000000008b480000)
 Metaspace       used 75158K, committed 76800K, reserved 1179648K
  class space    used 7970K, committed 8704K, reserved 1048576K
}
Event: 101.331 GC heap after
{Heap after GC invocations=85 (full 3):
 PSYoungGen      total 20480K, used 1561K [0x00000000d5580000, 0x00000000d6e80000, 0x0000000100000000)
  eden space 18432K, 0% used [0x00000000d5580000,0x00000000d5580000,0x00000000d6780000)
  from space 2048K, 76% used [0x00000000d6c80000,0x00000000d6e067f0,0x00000000d6e80000)
  to   space 2560K, 0% used [0x00000000d6980000,0x00000000d6980000,0x00000000d6c00000)
 ParOldGen       total 187392K, used 186962K [0x0000000080000000, 0x000000008b700000, 0x00000000d5580000)
  object space 187392K, 99% used [0x0000000080000000,0x000000008b694b60,0x000000008b700000)
 Metaspace       used 75158K, committed 76800K, reserved 1179648K
  class space    used 7970K, committed 8704K, reserved 1048576K
}
Event: 101.570 GC heap before
{Heap before GC invocations=86 (full 3):
 PSYoungGen      total 20480K, used 19993K [0x00000000d5580000, 0x00000000d6e80000, 0x0000000100000000)
  eden space 18432K, 100% used [0x00000000d5580000,0x00000000d6780000,0x00000000d6780000)
  from space 2048K, 76% used [0x00000000d6c80000,0x00000000d6e067f0,0x00000000d6e80000)
  to   space 2560K, 0% used [0x00000000d6980000,0x00000000d6980000,0x00000000d6c00000)
 ParOldGen       total 187392K, used 186962K [0x0000000080000000, 0x000000008b700000, 0x00000000d5580000)
  object space 187392K, 99% used [0x0000000080000000,0x000000008b694b60,0x000000008b700000)
 Metaspace       used 75542K, committed 77184K, reserved 1179648K
  class space    used 8017K, committed 8768K, reserved 1048576K
}
Event: 101.575 GC heap after
{Heap after GC invocations=86 (full 3):
 PSYoungGen      total 20480K, used 1748K [0x00000000d5580000, 0x00000000d6d00000, 0x0000000100000000)
  eden space 18432K, 0% used [0x00000000d5580000,0x00000000d5580000,0x00000000d6780000)
  from space 2048K, 85% used [0x00000000d6980000,0x00000000d6b350e8,0x00000000d6b80000)
  to   space 1536K, 0% used [0x00000000d6b80000,0x00000000d6b80000,0x00000000d6d00000)
 ParOldGen       total 188416K, used 188360K [0x0000000080000000, 0x000000008b800000, 0x00000000d5580000)
  object space 188416K, 99% used [0x0000000080000000,0x000000008b7f2120,0x000000008b800000)
 Metaspace       used 75542K, committed 77184K, reserved 1179648K
  class space    used 8017K, committed 8768K, reserved 1048576K
}
Event: 102.674 GC heap before
{Heap before GC invocations=87 (full 3):
 PSYoungGen      total 20480K, used 20180K [0x00000000d5580000, 0x00000000d6d00000, 0x0000000100000000)
  eden space 18432K, 100% used [0x00000000d5580000,0x00000000d6780000,0x00000000d6780000)
  from space 2048K, 85% used [0x00000000d6980000,0x00000000d6b350e8,0x00000000d6b80000)
  to   space 1536K, 0% used [0x00000000d6b80000,0x00000000d6b80000,0x00000000d6d00000)
 ParOldGen       total 188416K, used 188360K [0x0000000080000000, 0x000000008b800000, 0x00000000d5580000)
  object space 188416K, 99% used [0x0000000080000000,0x000000008b7f2120,0x000000008b800000)
 Metaspace       used 76111K, committed 77824K, reserved 1179648K
  class space    used 8049K, committed 8768K, reserved 1048576K
}
Event: 102.682 GC heap after
{Heap after GC invocations=87 (full 3):
 PSYoungGen      total 19968K, used 1506K [0x00000000d5580000, 0x00000000d6e80000, 0x0000000100000000)
  eden space 18432K, 0% used [0x00000000d5580000,0x00000000d5580000,0x00000000d6780000)
  from space 1536K, 98% used [0x00000000d6b80000,0x00000000d6cf8a20,0x00000000d6d00000)
  to   space 3584K, 0% used [0x00000000d6780000,0x00000000d6780000,0x00000000d6b00000)
 ParOldGen       total 189952K, used 189908K [0x0000000080000000, 0x000000008b980000, 0x00000000d5580000)
  object space 189952K, 99% used [0x0000000080000000,0x000000008b975338,0x000000008b980000)
 Metaspace       used 76111K, committed 77824K, reserved 1179648K
  class space    used 8049K, committed 8768K, reserved 1048576K
}
Event: 104.610 GC heap before
{Heap before GC invocations=88 (full 3):
 PSYoungGen      total 19968K, used 19938K [0x00000000d5580000, 0x00000000d6e80000, 0x0000000100000000)
  eden space 18432K, 100% used [0x00000000d5580000,0x00000000d6780000,0x00000000d6780000)
  from space 1536K, 98% used [0x00000000d6b80000,0x00000000d6cf8a20,0x00000000d6d00000)
  to   space 3584K, 0% used [0x00000000d6780000,0x00000000d6780000,0x00000000d6b00000)
 ParOldGen       total 189952K, used 189908K [0x0000000080000000, 0x000000008b980000, 0x00000000d5580000)
  object space 189952K, 99% used [0x0000000080000000,0x000000008b975338,0x000000008b980000)
 Metaspace       used 76654K, committed 78400K, reserved 1179648K
  class space    used 8060K, committed 8832K, reserved 1048576K
}
Event: 104.618 GC heap after
{Heap after GC invocations=88 (full 3):
 PSYoungGen      total 22016K, used 3579K [0x00000000d5580000, 0x00000000d7380000, 0x0000000100000000)
  eden space 18432K, 0% used [0x00000000d5580000,0x00000000d5580000,0x00000000d6780000)
  from space 3584K, 99% used [0x00000000d6780000,0x00000000d6afef10,0x00000000d6b00000)
  to   space 6144K, 0% used [0x00000000d6d80000,0x00000000d6d80000,0x00000000d7380000)
 ParOldGen       total 192000K, used 191618K [0x0000000080000000, 0x000000008bb80000, 0x00000000d5580000)
  object space 192000K, 99% used [0x0000000080000000,0x000000008bb20b10,0x000000008bb80000)
 Metaspace       used 76654K, committed 78400K, reserved 1179648K
  class space    used 8060K, committed 8832K, reserved 1048576K
}
Event: 105.368 GC heap before
{Heap before GC invocations=89 (full 3):
 PSYoungGen      total 22016K, used 22011K [0x00000000d5580000, 0x00000000d7380000, 0x0000000100000000)
  eden space 18432K, 100% used [0x00000000d5580000,0x00000000d6780000,0x00000000d6780000)
  from space 3584K, 99% used [0x00000000d6780000,0x00000000d6afef10,0x00000000d6b00000)
  to   space 6144K, 0% used [0x00000000d6d80000,0x00000000d6d80000,0x00000000d7380000)
 ParOldGen       total 192000K, used 191618K [0x0000000080000000, 0x000000008bb80000, 0x00000000d5580000)
  object space 192000K, 99% used [0x0000000080000000,0x000000008bb20b10,0x000000008bb80000)
 Metaspace       used 77288K, committed 79104K, reserved 1179648K
  class space    used 8120K, committed 8896K, reserved 1048576K
}
Event: 105.375 GC heap after
{Heap after GC invocations=89 (full 3):
 PSYoungGen      total 19968K, used 1077K [0x00000000d5580000, 0x00000000d6f00000, 0x0000000100000000)
  eden space 18432K, 0% used [0x00000000d5580000,0x00000000d5580000,0x00000000d6780000)
  from space 1536K, 70% used [0x00000000d6d80000,0x00000000d6e8d430,0x00000000d6f00000)
  to   space 3072K, 0% used [0x00000000d6900000,0x00000000d6900000,0x00000000d6c00000)
 ParOldGen       total 194048K, used 193692K [0x0000000080000000, 0x000000008bd80000, 0x00000000d5580000)
  object space 194048K, 99% used [0x0000000080000000,0x000000008bd273e0,0x000000008bd80000)
 Metaspace       used 77288K, committed 79104K, reserved 1179648K
  class space    used 8120K, committed 8896K, reserved 1048576K
}
Event: 107.712 GC heap before
{Heap before GC invocations=90 (full 3):
 PSYoungGen      total 19968K, used 19508K [0x00000000d5580000, 0x00000000d6f00000, 0x0000000100000000)
  eden space 18432K, 99% used [0x00000000d5580000,0x00000000d677ffc8,0x00000000d6780000)
  from space 1536K, 70% used [0x00000000d6d80000,0x00000000d6e8d430,0x00000000d6f00000)
  to   space 3072K, 0% used [0x00000000d6900000,0x00000000d6900000,0x00000000d6c00000)
 ParOldGen       total 194048K, used 193692K [0x0000000080000000, 0x000000008bd80000, 0x00000000d5580000)
  object space 194048K, 99% used [0x0000000080000000,0x000000008bd273e0,0x000000008bd80000)
 Metaspace       used 77414K, committed 79232K, reserved 1179648K
  class space    used 8122K, committed 8896K, reserved 1048576K
}
Event: 107.715 GC heap after
{Heap after GC invocations=90 (full 3):
 PSYoungGen      total 21504K, used 788K [0x00000000d5580000, 0x00000000d6e00000, 0x0000000100000000)
  eden space 18432K, 0% used [0x00000000d5580000,0x00000000d5580000,0x00000000d6780000)
  from space 3072K, 25% used [0x00000000d6900000,0x00000000d69c5240,0x00000000d6c00000)
  to   space 1536K, 0% used [0x00000000d6c80000,0x00000000d6c80000,0x00000000d6e00000)
 ParOldGen       total 194560K, used 194160K [0x0000000080000000, 0x000000008be00000, 0x00000000d5580000)
  object space 194560K, 99% used [0x0000000080000000,0x000000008bd9c2a8,0x000000008be00000)
 Metaspace       used 77414K, committed 79232K, reserved 1179648K
  class space    used 8122K, committed 8896K, reserved 1048576K
}
Event: 108.124 GC heap before
{Heap before GC invocations=91 (full 3):
 PSYoungGen      total 21504K, used 19220K [0x00000000d5580000, 0x00000000d6e00000, 0x0000000100000000)
  eden space 18432K, 100% used [0x00000000d5580000,0x00000000d6780000,0x00000000d6780000)
  from space 3072K, 25% used [0x00000000d6900000,0x00000000d69c5240,0x00000000d6c00000)
  to   space 1536K, 0% used [0x00000000d6c80000,0x00000000d6c80000,0x00000000d6e00000)
 ParOldGen       total 194560K, used 194160K [0x0000000080000000, 0x000000008be00000, 0x00000000d5580000)
  object space 194560K, 99% used [0x0000000080000000,0x000000008bd9c2a8,0x000000008be00000)
 Metaspace       used 77512K, committed 79296K, reserved 1179648K
  class space    used 8123K, committed 8896K, reserved 1048576K
}
Event: 108.127 GC heap after
{Heap after GC invocations=91 (full 3):
 PSYoungGen      total 19456K, used 682K [0x00000000d5580000, 0x00000000d6d80000, 0x0000000100000000)
  eden space 18432K, 0% used [0x00000000d5580000,0x00000000d5580000,0x00000000d6780000)
  from space 1024K, 66% used [0x00000000d6c80000,0x00000000d6d2a910,0x00000000d6d80000)
  to   space 1024K, 0% used [0x00000000d6b80000,0x00000000d6b80000,0x00000000d6c80000)
 ParOldGen       total 194560K, used 194416K [0x0000000080000000, 0x000000008be00000, 0x00000000d5580000)
  object space 194560K, 99% used [0x0000000080000000,0x000000008bddc2f8,0x000000008be00000)
 Metaspace       used 77512K, committed 79296K, reserved 1179648K
  class space    used 8123K, committed 8896K, reserved 1048576K
}

Dll operation events (12 events):
Event: 0.080 Loaded shared library c:\Users\HP LAPTOP\.vscode\extensions\redhat.java-1.47.0-win32-x64\jre\21.0.8-win32-x86_64\bin\java.dll
Event: 1.051 Loaded shared library c:\Users\HP LAPTOP\.vscode\extensions\redhat.java-1.47.0-win32-x64\jre\21.0.8-win32-x86_64\bin\zip.dll
Event: 1.225 Loaded shared library C:\Users\HP LAPTOP\.vscode\extensions\redhat.java-1.47.0-win32-x64\jre\21.0.8-win32-x86_64\bin\instrument.dll
Event: 1.315 Loaded shared library C:\Users\HP LAPTOP\.vscode\extensions\redhat.java-1.47.0-win32-x64\jre\21.0.8-win32-x86_64\bin\net.dll
Event: 1.340 Loaded shared library C:\Users\HP LAPTOP\.vscode\extensions\redhat.java-1.47.0-win32-x64\jre\21.0.8-win32-x86_64\bin\nio.dll
Event: 1.376 Loaded shared library C:\Users\HP LAPTOP\.vscode\extensions\redhat.java-1.47.0-win32-x64\jre\21.0.8-win32-x86_64\bin\zip.dll
Event: 1.711 Loaded shared library C:\Users\HP LAPTOP\.vscode\extensions\redhat.java-1.47.0-win32-x64\jre\21.0.8-win32-x86_64\bin\jimage.dll
Event: 2.469 Loaded shared library c:\Users\HP LAPTOP\.vscode\extensions\redhat.java-1.47.0-win32-x64\jre\21.0.8-win32-x86_64\bin\verify.dll
Event: 7.922 Loaded shared library C:\Users\HP LAPTOP\AppData\Roaming\Code\User\globalStorage\redhat.java\1.47.0\config_win\org.eclipse.equinox.launcher\org.eclipse.equinox.launcher.win32.win32.x86_64_1.2.1400.v20250801-0854\eclipse_11916.dll
Event: 53.878 Loaded shared library C:\Users\HP LAPTOP\AppData\Local\Temp\jna-1271828466\jna2986265779559495417.dll
Event: 66.869 Loaded shared library C:\Users\HP LAPTOP\.vscode\extensions\redhat.java-1.47.0-win32-x64\jre\21.0.8-win32-x86_64\bin\sunmscapi.dll
Event: 68.211 Loaded shared library C:\Users\HP LAPTOP\.vscode\extensions\redhat.java-1.47.0-win32-x64\jre\21.0.8-win32-x86_64\bin\extnet.dll

Deoptimization events (20 events):
Event: 105.228 Thread 0x0000014b608d3d50 DEOPT PACKING pc=0x0000014b0cfc6260 sp=0x000000141defd730
Event: 105.228 Thread 0x0000014b608d3d50 DEOPT UNPACKING pc=0x0000014b0c5b6da2 sp=0x000000141defd6d0 mode 2
Event: 105.397 Thread 0x0000014b608d3d50 Uncommon trap: trap_request=0xffffff45 fr.pc=0x0000014b0d52e89c relative=0x00000000000019bc
Event: 105.397 Thread 0x0000014b608d3d50 Uncommon trap: reason=unstable_if action=reinterpret pc=0x0000014b0d52e89c method=org.eclipse.core.internal.dtree.AbstractDataTreeNode.assembleWith([Lorg/eclipse/core/internal/dtree/AbstractDataTreeNode;[Lorg/eclipse/core/internal/dtree/AbstractDataTreeNo
Event: 105.397 Thread 0x0000014b608d3d50 DEOPT PACKING pc=0x0000014b0d52e89c sp=0x000000141defe950
Event: 105.397 Thread 0x0000014b608d3d50 DEOPT UNPACKING pc=0x0000014b0c5b6da2 sp=0x000000141defe920 mode 2
Event: 105.568 Thread 0x0000014b63c53ba0 DEOPT PACKING pc=0x0000014b06a6f2fd sp=0x000000141c9fe450
Event: 105.568 Thread 0x0000014b63c53ba0 DEOPT UNPACKING pc=0x0000014b0c5b78e2 sp=0x000000141c9fd928 mode 0
Event: 107.585 Thread 0x0000014b608d64b0 Uncommon trap: trap_request=0xffffff6e fr.pc=0x0000014b0d60a35c relative=0x000000000000009c
Event: 107.585 Thread 0x0000014b608d64b0 Uncommon trap: reason=loop_limit_check action=maybe_recompile pc=0x0000014b0d60a35c method=org.eclipse.jdt.internal.compiler.lookup.BinaryTypeBinding.superInterfaces()[Lorg/eclipse/jdt/internal/compiler/lookup/ReferenceBinding; @ 266 c2
Event: 107.585 Thread 0x0000014b608d64b0 DEOPT PACKING pc=0x0000014b0d60a35c sp=0x000000141e1fd9d0
Event: 107.585 Thread 0x0000014b608d64b0 DEOPT UNPACKING pc=0x0000014b0c5b6da2 sp=0x000000141e1fd968 mode 2
Event: 107.675 Thread 0x0000014b608d64b0 DEOPT PACKING pc=0x0000014b068d9701 sp=0x000000141e1fe490
Event: 107.675 Thread 0x0000014b608d64b0 DEOPT UNPACKING pc=0x0000014b0c5b78e2 sp=0x000000141e1fd9c0 mode 0
Event: 107.959 Thread 0x0000014b608d64b0 DEOPT PACKING pc=0x0000014b066af454 sp=0x000000141e1fd530
Event: 107.959 Thread 0x0000014b608d64b0 DEOPT UNPACKING pc=0x0000014b0c5b78e2 sp=0x000000141e1fca18 mode 0
Event: 108.173 Thread 0x0000014b608d64b0 Uncommon trap: trap_request=0xffffff6e fr.pc=0x0000014b0d61c728 relative=0x0000000000002388
Event: 108.173 Thread 0x0000014b608d64b0 Uncommon trap: reason=loop_limit_check action=maybe_recompile pc=0x0000014b0d61c728 method=org.eclipse.jdt.internal.compiler.lookup.BinaryTypeBinding.createMethods([Lorg/eclipse/jdt/internal/compiler/env/IBinaryMethod;Lorg/eclipse/jdt/internal/compiler/en
Event: 108.173 Thread 0x0000014b608d64b0 DEOPT PACKING pc=0x0000014b0d61c728 sp=0x000000141e1fd730
Event: 108.173 Thread 0x0000014b608d64b0 DEOPT UNPACKING pc=0x0000014b0c5b6da2 sp=0x000000141e1fd708 mode 2

Classes loaded (20 events):
Event: 101.421 Loading class jdk/internal/module/IllegalAccessLogger
Event: 101.421 Loading class jdk/internal/module/IllegalAccessLogger done
Event: 101.460 Loading class java/util/EnumMap$EntrySet
Event: 101.462 Loading class java/util/EnumMap$EntrySet done
Event: 101.462 Loading class java/util/EnumMap$EntryIterator
Event: 101.462 Loading class java/util/EnumMap$EnumMapIterator
Event: 101.462 Loading class java/util/EnumMap$EnumMapIterator done
Event: 101.462 Loading class java/util/EnumMap$EntryIterator done
Event: 101.463 Loading class java/util/EnumMap$EntryIterator$Entry
Event: 101.463 Loading class java/util/EnumMap$EntryIterator$Entry done
Event: 101.612 Loading class java/util/concurrent/ArrayBlockingQueue
Event: 101.616 Loading class java/util/concurrent/ArrayBlockingQueue done
Event: 102.014 Loading class java/util/concurrent/ConcurrentHashMap$KeySpliterator
Event: 102.015 Loading class java/util/concurrent/ConcurrentHashMap$KeySpliterator done
Event: 104.626 Loading class jdk/internal/module/IllegalAccessLogger
Event: 104.626 Loading class jdk/internal/module/IllegalAccessLogger done
Event: 105.193 Loading class java/io/CharArrayWriter
Event: 105.193 Loading class java/io/CharArrayWriter done
Event: 105.225 Loading class java/nio/file/attribute/PosixFileAttributes
Event: 105.226 Loading class java/nio/file/attribute/PosixFileAttributes done

Classes unloaded (7 events):
Event: 56.699 Thread 0x0000014b01db25e0 Unloading class 0x0000014b1a1a8c00 'java/lang/invoke/LambdaForm$MH+0x0000014b1a1a8c00'
Event: 56.699 Thread 0x0000014b01db25e0 Unloading class 0x0000014b1a1a8800 'java/lang/invoke/LambdaForm$MH+0x0000014b1a1a8800'
Event: 56.699 Thread 0x0000014b01db25e0 Unloading class 0x0000014b1a1a8400 'java/lang/invoke/LambdaForm$MH+0x0000014b1a1a8400'
Event: 56.699 Thread 0x0000014b01db25e0 Unloading class 0x0000014b1a1a8000 'java/lang/invoke/LambdaForm$MH+0x0000014b1a1a8000'
Event: 56.699 Thread 0x0000014b01db25e0 Unloading class 0x0000014b1a1a7c00 'java/lang/invoke/LambdaForm$BMH+0x0000014b1a1a7c00'
Event: 56.699 Thread 0x0000014b01db25e0 Unloading class 0x0000014b1a1a7800 'java/lang/invoke/LambdaForm$DMH+0x0000014b1a1a7800'
Event: 56.699 Thread 0x0000014b01db25e0 Unloading class 0x0000014b1a1a6400 'java/lang/invoke/LambdaForm$DMH+0x0000014b1a1a6400'

Classes redefined (0 events):
No events

Internal exceptions (20 events):
Event: 98.220 Thread 0x0000014b608d7ef0 Exception <a 'sun/nio/fs/WindowsException'{0x00000000d663b650}> (0x00000000d663b650) 
thrown [s\src\hotspot\share\prims\jni.cpp, line 520]
Event: 98.335 Thread 0x0000014b608d5100 Exception <a 'sun/nio/fs/WindowsException'{0x00000000d55dd180}> (0x00000000d55dd180) 
thrown [s\src\hotspot\share\prims\jni.cpp, line 520]
Event: 98.336 Thread 0x0000014b608d71d0 Exception <a 'sun/nio/fs/WindowsException'{0x00000000d55d19f0}> (0x00000000d55d19f0) 
thrown [s\src\hotspot\share\prims\jni.cpp, line 520]
Event: 98.351 Thread 0x0000014b608d5100 Exception <a 'java/lang/NoSuchMethodError'{0x00000000d55f8550}: 'java.lang.Object java.lang.invoke.DirectMethodHandle$Holder.newInvokeSpecial(java.lang.Object, java.lang.Object, int, java.lang.Object, java.lang.Object)'> (0x00000000d55f8550) 
thrown [s\src\hotspot\share\interpreter\linkResolver.cpp, line 773]
Event: 98.352 Thread 0x0000014b608d5100 Exception <a 'java/lang/NoSuchMethodError'{0x00000000d55fc258}: 'java.lang.Object java.lang.invoke.Invokers$Holder.linkToTargetMethod(java.lang.Object, int, java.lang.Object, java.lang.Object, java.lang.Object)'> (0x00000000d55fc258) 
thrown [s\src\hotspot\share\interpreter\linkResolver.cpp, line 773]
Event: 98.357 Thread 0x0000014b608d5100 Exception <a 'java/lang/NoSuchMethodError'{0x00000000d5610618}: 'java.lang.Object java.lang.invoke.DirectMethodHandle$Holder.invokeSpecial(java.lang.Object, java.lang.Object, java.lang.Object, int, java.lang.Object, java.lang.Object, java.lang.Object)'> (0x00000000d5610618) 
thrown [s\src\hotspot\share\interpreter\linkResolver.cpp, line 773]
Event: 100.718 Thread 0x0000014b6031e500 Implicit null exception at 0x0000014b0d43a126 to 0x0000014b0d43a5b0
Event: 101.606 Thread 0x0000014b608d3d50 Exception <a 'java/io/FileNotFoundException'{0x00000000d57b1e68}> (0x00000000d57b1e68) 
thrown [s\src\hotspot\share\prims\jni.cpp, line 520]
Event: 102.017 Thread 0x0000014b608d3d50 Exception <a 'java/lang/NoSuchMethodError'{0x00000000d614d698}: 'java.lang.Object java.lang.invoke.DirectMethodHandle$Holder.invokeStatic(java.lang.Object, java.lang.Object, int, int, java.lang.Object)'> (0x00000000d614d698) 
thrown [s\src\hotspot\share\interpreter\linkResolver.cpp, line 773]
Event: 102.022 Thread 0x0000014b608d3d50 Exception <a 'java/lang/NoSuchMethodError'{0x00000000d6154458}: 'java.lang.Object java.lang.invoke.DirectMethodHandle$Holder.newInvokeSpecial(java.lang.Object, java.lang.Object, int, int, java.lang.Object)'> (0x00000000d6154458) 
thrown [s\src\hotspot\share\interpreter\linkResolver.cpp, line 773]
Event: 102.266 Thread 0x0000014b6546a210 Exception <a 'java/lang/NoSuchMethodError'{0x00000000d633f4b0}: 'java.lang.Object java.lang.invoke.DirectMethodHandle$Holder.newInvokeSpecial(java.lang.Object, java.lang.Object, java.lang.Object, java.lang.Object, int)'> (0x00000000d633f4b0) 
thrown [s\src\hotspot\share\interpreter\linkResolver.cpp, line 773]
Event: 102.267 Thread 0x0000014b6546a210 Exception <a 'java/lang/NoSuchMethodError'{0x00000000d6343828}: 'java.lang.Object java.lang.invoke.DirectMethodHandle$Holder.invokeSpecial(java.lang.Object, java.lang.Object, java.lang.Object, java.lang.Object, java.lang.Object, int)'> (0x00000000d6343828) 
thrown [s\src\hotspot\share\interpreter\linkResolver.cpp, line 773]
Event: 102.267 Thread 0x0000014b6546a210 Exception <a 'java/lang/NoSuchMethodError'{0x00000000d63472a8}: 'java.lang.Object java.lang.invoke.Invokers$Holder.linkToTargetMethod(java.lang.Object, java.lang.Object, java.lang.Object, int, java.lang.Object)'> (0x00000000d63472a8) 
thrown [s\src\hotspot\share\interpreter\linkResolver.cpp, line 773]
Event: 104.659 Thread 0x0000014b608d3d50 Exception <a 'sun/nio/fs/WindowsException'{0x00000000d5707400}> (0x00000000d5707400) 
thrown [s\src\hotspot\share\prims\jni.cpp, line 520]
Event: 104.659 Thread 0x0000014b608d3d50 Exception <a 'sun/nio/fs/WindowsException'{0x00000000d5707b10}> (0x00000000d5707b10) 
thrown [s\src\hotspot\share\prims\jni.cpp, line 520]
Event: 106.700 Thread 0x0000014b63c50db0 Exception <a 'sun/nio/fs/WindowsException'{0x00000000d58b1930}> (0x00000000d58b1930) 
thrown [s\src\hotspot\share\prims\jni.cpp, line 520]
Event: 106.701 Thread 0x0000014b63c50db0 Exception <a 'sun/nio/fs/WindowsException'{0x00000000d58b2040}> (0x00000000d58b2040) 
thrown [s\src\hotspot\share\prims\jni.cpp, line 520]
Event: 107.230 Thread 0x0000014b63c50db0 Exception <a 'sun/nio/fs/WindowsException'{0x00000000d58f72f8}> (0x00000000d58f72f8) 
thrown [s\src\hotspot\share\prims\jni.cpp, line 520]
Event: 107.231 Thread 0x0000014b63c50db0 Exception <a 'sun/nio/fs/WindowsException'{0x00000000d58f7a08}> (0x00000000d58f7a08) 
thrown [s\src\hotspot\share\prims\jni.cpp, line 520]
Event: 116.815 Thread 0x0000014b63c57020 Exception <a 'java/lang/IncompatibleClassChangeError'{0x00000000d577b6a0}: Found class java.lang.Object, but interface was expected> (0x00000000d577b6a0) 
thrown [s\src\hotspot\share\interpreter\linkResolver.cpp, line 840]

ZGC Phase Switch (0 events):
No events

VM Operations (20 events):
Event: 105.368 Executing VM operation: ParallelGCFailedAllocation (Allocation Failure)
Event: 105.375 Executing VM operation: ParallelGCFailedAllocation (Allocation Failure) done
Event: 106.375 Executing VM operation: Cleanup
Event: 106.375 Executing VM operation: Cleanup done
Event: 107.375 Executing VM operation: Cleanup
Event: 107.375 Executing VM operation: Cleanup done
Event: 107.711 Executing VM operation: ParallelGCFailedAllocation (Allocation Failure)
Event: 107.715 Executing VM operation: ParallelGCFailedAllocation (Allocation Failure) done
Event: 108.124 Executing VM operation: ParallelGCFailedAllocation (Allocation Failure)
Event: 108.127 Executing VM operation: ParallelGCFailedAllocation (Allocation Failure) done
Event: 109.129 Executing VM operation: Cleanup
Event: 109.129 Executing VM operation: Cleanup done
Event: 117.201 Executing VM operation: Cleanup
Event: 117.201 Executing VM operation: Cleanup done
Event: 120.228 Executing VM operation: HandshakeAllThreads (HandshakeForDeflation)
Event: 120.228 Executing VM operation: HandshakeAllThreads (HandshakeForDeflation) done
Event: 120.228 Executing VM operation: RendezvousGCThreads
Event: 120.228 Executing VM operation: RendezvousGCThreads done
Event: 143.461 Executing VM operation: Cleanup
Event: 143.462 Executing VM operation: Cleanup done

Memory protections (0 events):
No events

Nmethod flushes (20 events):
Event: 80.527 Thread 0x0000014b01db25e0 flushing osr nmethod 0x0000014b05949a90
Event: 80.527 Thread 0x0000014b01db25e0 flushing  nmethod 0x0000014b05953690
Event: 80.527 Thread 0x0000014b01db25e0 flushing  nmethod 0x0000014b05967790
Event: 80.527 Thread 0x0000014b01db25e0 flushing  nmethod 0x0000014b05969d90
Event: 80.527 Thread 0x0000014b01db25e0 flushing  nmethod 0x0000014b059a8c90
Event: 80.527 Thread 0x0000014b01db25e0 flushing  nmethod 0x0000014b059c3610
Event: 80.527 Thread 0x0000014b01db25e0 flushing  nmethod 0x0000014b059c6910
Event: 80.527 Thread 0x0000014b01db25e0 flushing  nmethod 0x0000014b059c8b10
Event: 80.527 Thread 0x0000014b01db25e0 flushing  nmethod 0x0000014b059c9a90
Event: 80.527 Thread 0x0000014b01db25e0 flushing  nmethod 0x0000014b059ca210
Event: 80.527 Thread 0x0000014b01db25e0 flushing  nmethod 0x0000014b059cab90
Event: 80.527 Thread 0x0000014b01db25e0 flushing  nmethod 0x0000014b059d6210
Event: 80.527 Thread 0x0000014b01db25e0 flushing  nmethod 0x0000014b059dc510
Event: 80.527 Thread 0x0000014b01db25e0 flushing  nmethod 0x0000014b059f9990
Event: 80.527 Thread 0x0000014b01db25e0 flushing  nmethod 0x0000014b059fe110
Event: 80.527 Thread 0x0000014b01db25e0 flushing  nmethod 0x0000014b05a01910
Event: 80.527 Thread 0x0000014b01db25e0 flushing  nmethod 0x0000014b05a55910
Event: 80.527 Thread 0x0000014b01db25e0 flushing  nmethod 0x0000014b05a55f10
Event: 80.527 Thread 0x0000014b01db25e0 flushing  nmethod 0x0000014b05a59c90
Event: 80.527 Thread 0x0000014b01db25e0 flushing  nmethod 0x0000014b05a5d010

Events (20 events):
Event: 102.269 Thread 0x0000014b608d3d50 Thread added: 0x0000014b6546b5c0
Event: 102.353 Thread 0x0000014b608d3d50 Thread added: 0x0000014b65469b80
Event: 104.733 Thread 0x0000014b608d3d50 Thread added: 0x0000014b60607ab0
Event: 104.734 Thread 0x0000014b608d3d50 Thread added: 0x0000014b606059e0
Event: 104.734 Thread 0x0000014b608d3d50 Thread added: 0x0000014b60608140
Event: 104.734 Thread 0x0000014b608d3d50 Thread added: 0x0000014b60606070
Event: 104.735 Thread 0x0000014b608d3d50 Thread added: 0x0000014b60605350
Event: 104.932 Thread 0x0000014b60606070 Thread exited: 0x0000014b60606070
Event: 104.958 Thread 0x0000014b60605350 Thread exited: 0x0000014b60605350
Event: 104.958 Thread 0x0000014b60608140 Thread exited: 0x0000014b60608140
Event: 104.959 Thread 0x0000014b606059e0 Thread exited: 0x0000014b606059e0
Event: 104.959 Thread 0x0000014b60607ab0 Thread exited: 0x0000014b60607ab0
Event: 106.407 Thread 0x0000014b62093030 Thread exited: 0x0000014b62093030
Event: 106.407 Thread 0x0000014b62093700 Thread exited: 0x0000014b62093700
Event: 107.404 Thread 0x0000014b01dc5df0 Thread added: 0x0000014b60b73560
Event: 107.681 Thread 0x0000014b5b146cb0 Thread added: 0x0000014b60b71350
Event: 113.538 Thread 0x0000014b60b71350 Thread exited: 0x0000014b60b71350
Event: 114.111 Thread 0x0000014b60b73560 Thread exited: 0x0000014b60b73560
Event: 143.157 Thread 0x0000014b5b146cb0 Thread added: 0x0000014b60b71350
Event: 148.215 Thread 0x0000014b60b71350 Thread exited: 0x0000014b60b71350


Dynamic libraries:
0x00007ff69cb40000 - 0x00007ff69cb4e000 	c:\Users\HP LAPTOP\.vscode\extensions\redhat.java-1.47.0-win32-x64\jre\21.0.8-win32-x86_64\bin\java.exe
0x00007ffba3c20000 - 0x00007ffba3e88000 	C:\WINDOWS\SYSTEM32\ntdll.dll
0x00007ffba28d0000 - 0x00007ffba2999000 	C:\WINDOWS\System32\KERNEL32.DLL
0x00007ffba1490000 - 0x00007ffba1888000 	C:\WINDOWS\System32\KERNELBASE.dll
0x00007ffba1080000 - 0x00007ffba11cb000 	C:\WINDOWS\System32\ucrtbase.dll
0x00007ffb2a320000 - 0x00007ffb2a33e000 	c:\Users\HP LAPTOP\.vscode\extensions\redhat.java-1.47.0-win32-x64\jre\21.0.8-win32-x86_64\bin\VCRUNTIME140.dll
0x00007ffb2a340000 - 0x00007ffb2a358000 	c:\Users\HP LAPTOP\.vscode\extensions\redhat.java-1.47.0-win32-x64\jre\21.0.8-win32-x86_64\bin\jli.dll
0x00007ffba2650000 - 0x00007ffba2817000 	C:\WINDOWS\System32\USER32.dll
0x00007ffba0e30000 - 0x00007ffba0e57000 	C:\WINDOWS\System32\win32u.dll
0x00007ffba1d70000 - 0x00007ffba1d9b000 	C:\WINDOWS\System32\GDI32.dll
0x00007ffba1890000 - 0x00007ffba19bc000 	C:\WINDOWS\System32\gdi32full.dll
0x00007ffb87b30000 - 0x00007ffb87dc4000 	C:\WINDOWS\WinSxS\amd64_microsoft.windows.common-controls_6595b64144ccf1df_6.0.26100.7019_none_3e06ffa0e335b8a8\COMCTL32.dll
0x00007ffba3890000 - 0x00007ffba3939000 	C:\WINDOWS\System32\msvcrt.dll
0x00007ffba0fd0000 - 0x00007ffba1073000 	C:\WINDOWS\System32\msvcp_win.dll
0x00007ffba1e30000 - 0x00007ffba1e61000 	C:\WINDOWS\System32\IMM32.DLL
0x00007ffb84810000 - 0x00007ffb8481c000 	c:\Users\HP LAPTOP\.vscode\extensions\redhat.java-1.47.0-win32-x64\jre\21.0.8-win32-x86_64\bin\vcruntime140_1.dll
0x00007ffb2a290000 - 0x00007ffb2a31d000 	c:\Users\HP LAPTOP\.vscode\extensions\redhat.java-1.47.0-win32-x64\jre\21.0.8-win32-x86_64\bin\msvcp140.dll
0x00007ffb231e0000 - 0x00007ffb23f77000 	c:\Users\HP LAPTOP\.vscode\extensions\redhat.java-1.47.0-win32-x64\jre\21.0.8-win32-x86_64\bin\server\jvm.dll
0x00007ffba2d60000 - 0x00007ffba2e14000 	C:\WINDOWS\System32\ADVAPI32.dll
0x00007ffba2820000 - 0x00007ffba28c6000 	C:\WINDOWS\System32\sechost.dll
0x00007ffba1ae0000 - 0x00007ffba1bf8000 	C:\WINDOWS\System32\RPCRT4.dll
0x00007ffba1db0000 - 0x00007ffba1e24000 	C:\WINDOWS\System32\WS2_32.dll
0x00007ffba0bd0000 - 0x00007ffba0c2e000 	C:\WINDOWS\SYSTEM32\POWRPROF.dll
0x00007ffb87a30000 - 0x00007ffb87a65000 	C:\WINDOWS\SYSTEM32\WINMM.dll
0x00007ffb97080000 - 0x00007ffb9708b000 	C:\WINDOWS\SYSTEM32\VERSION.dll
0x00007ffba0bb0000 - 0x00007ffba0bc4000 	C:\WINDOWS\SYSTEM32\UMPDC.dll
0x00007ffb9fb30000 - 0x00007ffb9fb4b000 	C:\WINDOWS\SYSTEM32\kernel.appcore.dll
0x00007ffb84680000 - 0x00007ffb8468a000 	c:\Users\HP LAPTOP\.vscode\extensions\redhat.java-1.47.0-win32-x64\jre\21.0.8-win32-x86_64\bin\jimage.dll
0x00007ffb9e190000 - 0x00007ffb9e3d2000 	C:\WINDOWS\SYSTEM32\DBGHELP.DLL
0x00007ffba34f0000 - 0x00007ffba387b000 	C:\WINDOWS\System32\combase.dll
0x00007ffba2c80000 - 0x00007ffba2d57000 	C:\WINDOWS\System32\OLEAUT32.dll
0x00007ffb81d10000 - 0x00007ffb81d4c000 	C:\WINDOWS\SYSTEM32\dbgcore.DLL
0x00007ffba13e0000 - 0x00007ffba1485000 	C:\WINDOWS\System32\bcryptPrimitives.dll
0x00007ffb84050000 - 0x00007ffb8405f000 	c:\Users\HP LAPTOP\.vscode\extensions\redhat.java-1.47.0-win32-x64\jre\21.0.8-win32-x86_64\bin\instrument.dll
0x00007ffb2a270000 - 0x00007ffb2a28f000 	c:\Users\HP LAPTOP\.vscode\extensions\redhat.java-1.47.0-win32-x64\jre\21.0.8-win32-x86_64\bin\java.dll
0x00007ffba1e70000 - 0x00007ffba25c1000 	C:\WINDOWS\System32\SHELL32.dll
0x00007ffba0e60000 - 0x00007ffba0fcb000 	C:\WINDOWS\System32\wintypes.dll
0x00007ffb9e980000 - 0x00007ffb9f1dd000 	C:\WINDOWS\SYSTEM32\windows.storage.dll
0x00007ffba2f20000 - 0x00007ffba3012000 	C:\WINDOWS\System32\SHCORE.dll
0x00007ffba3b70000 - 0x00007ffba3bd7000 	C:\WINDOWS\System32\shlwapi.dll
0x00007ffba0c90000 - 0x00007ffba0cb9000 	C:\WINDOWS\SYSTEM32\profapi.dll
0x00007ffb29ff0000 - 0x00007ffb2a008000 	c:\Users\HP LAPTOP\.vscode\extensions\redhat.java-1.47.0-win32-x64\jre\21.0.8-win32-x86_64\bin\zip.dll
0x00007ffb83eb0000 - 0x00007ffb83ec0000 	C:\Users\HP LAPTOP\.vscode\extensions\redhat.java-1.47.0-win32-x64\jre\21.0.8-win32-x86_64\bin\net.dll
0x00007ffb94010000 - 0x00007ffb94138000 	C:\WINDOWS\SYSTEM32\WINHTTP.dll
0x00007ffba00a0000 - 0x00007ffba010b000 	C:\WINDOWS\system32\mswsock.dll
0x00007ffb29fd0000 - 0x00007ffb29fe6000 	C:\Users\HP LAPTOP\.vscode\extensions\redhat.java-1.47.0-win32-x64\jre\21.0.8-win32-x86_64\bin\nio.dll
0x00007ffb83d20000 - 0x00007ffb83d30000 	c:\Users\HP LAPTOP\.vscode\extensions\redhat.java-1.47.0-win32-x64\jre\21.0.8-win32-x86_64\bin\verify.dll
0x00007ffb2a0f0000 - 0x00007ffb2a134000 	C:\Users\HP LAPTOP\AppData\Roaming\Code\User\globalStorage\redhat.java\1.47.0\config_win\org.eclipse.equinox.launcher\org.eclipse.equinox.launcher.win32.win32.x86_64_1.2.1400.v20250801-0854\eclipse_11916.dll
0x00007ffba2a50000 - 0x00007ffba2be7000 	C:\WINDOWS\System32\ole32.dll
0x00007ffba0360000 - 0x00007ffba037b000 	C:\WINDOWS\SYSTEM32\CRYPTSP.dll
0x00007ffb9fa90000 - 0x00007ffb9faca000 	C:\WINDOWS\system32\rsaenh.dll
0x00007ffba0150000 - 0x00007ffba017b000 	C:\WINDOWS\SYSTEM32\USERENV.dll
0x00007ffba0c60000 - 0x00007ffba0c8a000 	C:\WINDOWS\SYSTEM32\bcrypt.dll
0x00007ffba0380000 - 0x00007ffba038c000 	C:\WINDOWS\SYSTEM32\CRYPTBASE.dll
0x00007ffb9f540000 - 0x00007ffb9f574000 	C:\WINDOWS\SYSTEM32\IPHLPAPI.DLL
0x00007ffba1da0000 - 0x00007ffba1daa000 	C:\WINDOWS\System32\NSI.dll
0x00007ffb73d30000 - 0x00007ffb73d79000 	C:\Users\HP LAPTOP\AppData\Local\Temp\jna-1271828466\jna2986265779559495417.dll
0x00007ffba3880000 - 0x00007ffba3888000 	C:\WINDOWS\System32\PSAPI.DLL
0x00007ffb97030000 - 0x00007ffb9704e000 	C:\WINDOWS\SYSTEM32\dhcpcsvc6.DLL
0x00007ffb97000000 - 0x00007ffb97023000 	C:\WINDOWS\SYSTEM32\dhcpcsvc.DLL
0x00007ffb97ce0000 - 0x00007ffb97cee000 	C:\Users\HP LAPTOP\.vscode\extensions\redhat.java-1.47.0-win32-x64\jre\21.0.8-win32-x86_64\bin\sunmscapi.dll
0x00007ffba1260000 - 0x00007ffba13d7000 	C:\WINDOWS\System32\CRYPT32.dll
0x00007ffba0580000 - 0x00007ffba05b0000 	C:\WINDOWS\SYSTEM32\ncrypt.dll
0x00007ffba0530000 - 0x00007ffba056f000 	C:\WINDOWS\SYSTEM32\NTASN1.dll
0x00007ffb9f5e0000 - 0x00007ffb9f70c000 	C:\WINDOWS\SYSTEM32\DNSAPI.dll
0x00007ffb8eee0000 - 0x00007ffb8eeeb000 	C:\Windows\System32\rasadhlp.dll
0x00007ffb92790000 - 0x00007ffb92816000 	C:\WINDOWS\System32\fwpuclnt.dll
0x00007ffb97880000 - 0x00007ffb97889000 	C:\Users\HP LAPTOP\.vscode\extensions\redhat.java-1.47.0-win32-x64\jre\21.0.8-win32-x86_64\bin\extnet.dll

JVMTI agents:
c:\Users\HP LAPTOP\.vscode\extensions\redhat.java-1.47.0-win32-x64\lombok\lombok-1.18.39-4050.jar path:c:\Users\HP LAPTOP\.vscode\extensions\redhat.java-1.47.0-win32-x64\jre\21.0.8-win32-x86_64\bin\instrument.dll, loaded, initialized, instrumentlib options:none

dbghelp: loaded successfully - version: 4.0.5 - missing functions: none
symbol engine: initialized successfully - sym options: 0x614 - pdb path: .;c:\Users\HP LAPTOP\.vscode\extensions\redhat.java-1.47.0-win32-x64\jre\21.0.8-win32-x86_64\bin;C:\WINDOWS\SYSTEM32;C:\WINDOWS\WinSxS\amd64_microsoft.windows.common-controls_6595b64144ccf1df_6.0.26100.7019_none_3e06ffa0e335b8a8;c:\Users\HP LAPTOP\.vscode\extensions\redhat.java-1.47.0-win32-x64\jre\21.0.8-win32-x86_64\bin\server;C:\Users\HP LAPTOP\AppData\Roaming\Code\User\globalStorage\redhat.java\1.47.0\config_win\org.eclipse.equinox.launcher\org.eclipse.equinox.launcher.win32.win32.x86_64_1.2.1400.v20250801-0854;C:\Users\HP LAPTOP\AppData\Local\Temp\jna-1271828466

VM Arguments:
jvm_args: --add-modules=ALL-SYSTEM --add-opens=java.base/java.util=ALL-UNNAMED --add-opens=java.base/java.lang=ALL-UNNAMED --add-opens=java.base/sun.nio.fs=ALL-UNNAMED -Declipse.application=org.eclipse.jdt.ls.core.id1 -Dosgi.bundles.defaultStartLevel=4 -Declipse.product=org.eclipse.jdt.ls.core.product -Djava.import.generatesMetadataFilesAtProjectRoot=false -DDetectVMInstallationsJob.disabled=true -Dfile.encoding=utf8 -XX:+UseParallelGC -XX:GCTimeRatio=4 -XX:AdaptiveSizePolicyWeight=90 -Dsun.zip.disableMemoryMapping=true -Xmx2G -Xms100m -Xlog:disable -javaagent:c:\Users\HP LAPTOP\.vscode\extensions\redhat.java-1.47.0-win32-x64\lombok\lombok-1.18.39-4050.jar -XX:+HeapDumpOnOutOfMemoryError -XX:HeapDumpPath=c:\Users\HP LAPTOP\AppData\Roaming\Code\User\workspaceStorage\0bad53627d758e82a8edc77273faf5df\redhat.java -Daether.dependencyCollector.impl=bf 
java_command: c:\Users\HP LAPTOP\.vscode\extensions\redhat.java-1.47.0-win32-x64\server\plugins\org.eclipse.equinox.launcher_1.7.100.v20251014-1222.jar -configuration c:\Users\HP LAPTOP\AppData\Roaming\Code\User\globalStorage\redhat.java\1.47.0\config_win -data c:\Users\HP LAPTOP\AppData\Roaming\Code\User\workspaceStorage\0bad53627d758e82a8edc77273faf5df\redhat.java\jdt_ws --pipe=\\.\pipe\lsp-e07350acb88e36d3e5f7c9cd88d1d1be-sock
java_class_path (initial): c:\Users\HP LAPTOP\.vscode\extensions\redhat.java-1.47.0-win32-x64\server\plugins\org.eclipse.equinox.launcher_1.7.100.v20251014-1222.jar
Launcher Type: SUN_STANDARD

[Global flags]
    uintx AdaptiveSizePolicyWeight                 = 90                                        {product} {command line}
     intx CICompilerCount                          = 4                                         {product} {ergonomic}
    uintx GCTimeRatio                              = 4                                         {product} {command line}
     bool HeapDumpOnOutOfMemoryError               = true                                   {manageable} {command line}
    ccstr HeapDumpPath                             = c:\Users\HP LAPTOP\AppData\Roaming\Code\User\workspaceStorage\0bad53627d758e82a8edc77273faf5df\redhat.java         {manageable} {command line}
   size_t InitialHeapSize                          = 104857600                                 {product} {command line}
   size_t MaxHeapSize                              = 2147483648                                {product} {command line}
   size_t MaxNewSize                               = 715653120                                 {product} {ergonomic}
   size_t MinHeapDeltaBytes                        = 524288                                    {product} {ergonomic}
   size_t MinHeapSize                              = 104857600                                 {product} {command line}
   size_t NewSize                                  = 34603008                                  {product} {ergonomic}
    uintx NonNMethodCodeHeapSize                   = 5839372                                {pd product} {ergonomic}
    uintx NonProfiledCodeHeapSize                  = 122909434                              {pd product} {ergonomic}
   size_t OldSize                                  = 70254592                                  {product} {ergonomic}
    uintx ProfiledCodeHeapSize                     = 122909434                              {pd product} {ergonomic}
    uintx ReservedCodeCacheSize                    = 251658240                              {pd product} {ergonomic}
     bool SegmentedCodeCache                       = true                                      {product} {ergonomic}
   size_t SoftMaxHeapSize                          = 2147483648                             {manageable} {ergonomic}
     bool UseCompressedOops                        = true                           {product lp64_product} {ergonomic}
     bool UseLargePagesIndividualAllocation        = false                                  {pd product} {ergonomic}
     bool UseParallelGC                            = true                                      {product} {command line}

Logging:
Log output configuration:
 #0: stdout all=off uptime,level,tags foldmultilines=false
 #1: stderr all=off uptime,level,tags foldmultilines=false

Environment Variables:
JAVA_HOME=C:\Program Files\Eclipse Adoptium\jdk-21.0.8.9-hotspot
PATH=C:\Program Files\Eclipse Adoptium\jdk-21.0.8.9-hotspot\bin;C:\Program Files\Common Files\Oracle\Java\javapath;C:\Program Files (x86)\Common Files\Oracle\Java\javapath;C:\ProgramData\Oracle\Java\javapath;C:\WINDOWS\system32;C:\WINDOWS;C:\WINDOWS\System32\Wbem;C:\WINDOWS\System32\WindowsPowerShell\v1.0\;C:\WINDOWS\System32\OpenSSH\;C:\Program Files\Eclipse Adoptium\jdk-21.0.8.9-hotspot\bin;C:\Program Files\Git\cmd;C:\xampp\php;C:\ProgramData\ComposerSetup\bin;C:\Program Files\nodejs\;C:\Program Files\dotnet\;C:\Program Files\Docker\Docker\resources\bin;C:\Program Files\Apache\Maven\bin;C:\Program Files\PowerShell\7\;C:\Users\HP LAPTOP\AppData\Local\Programs\Quarto\bin;C:\Users\HP LAPTOP\AppData\Local\Microsoft\WindowsApps;C:\Users\HP LAPTOP\AppData\Local\atom\bin;C:\Users\HP LAPTOP\AppData\Local\Microsoft\WindowsApps;C:\Users\HP LAPTOP\AppData\Local\Programs\Microsoft VS Code\bin;C:\\xampp\\php\\php.exe;C:\Users\HP LAPTOP\AppData\Roaming\Composer\vendor\bin;C:\Program Files\nodejs\;C:\Users\HP LAPTOP\AppData\Roaming\npm;C:\Users\HP LAPTOP\AppData\Local\GitHubDesktop\bin;C:\Users\HP LAPTOP\AppData\Local\Programs\cursor\resources\app\bin;C:\Users\HP LAPTOP\Documents\Paquetes\apache-maven-3.9.11\bin;C:\Program Files\JetBrains\IntelliJ IDEA 2025.2.2\bin
USERNAME=HP LAPTOP
OS=Windows_NT
PROCESSOR_IDENTIFIER=Intel64 Family 6 Model 126 Stepping 5, GenuineIntel
TMP=C:\Users\HPLAPT~1\AppData\Local\Temp
TEMP=C:\Users\HPLAPT~1\AppData\Local\Temp




Periodic native trim disabled

---------------  S Y S T E M  ---------------

OS:
 Windows 11 , 64 bit Build 26100 (10.0.26100.7019)
OS uptime: 0 days 2:04 hours
Hyper-V role detected

CPU: total 8 (initial active 8) (4 cores per cpu, 2 threads per core) family 6 model 126 stepping 5 microcode 0xbc, cx8, cmov, fxsr, ht, mmx, 3dnowpref, sse, sse2, sse3, ssse3, sse4.1, sse4.2, popcnt, lzcnt, tsc, tscinvbit, avx, avx2, aes, erms, clmul, bmi1, bmi2, adx, avx512f, avx512dq, avx512cd, avx512bw, avx512vl, sha, fma, vzeroupper, avx512_vpopcntdq, avx512_vpclmulqdq, avx512_vaes, avx512_vnni, clflush, clflushopt, avx512_vbmi2, avx512_vbmi, hv, rdtscp, rdpid, fsrm, gfni, avx512_bitalg, f16c, avx512_ifma
Processor Information for processor 0
  Max Mhz: 1201, Current Mhz: 1201, Mhz Limit: 1201
Processor Information for processor 1
  Max Mhz: 1201, Current Mhz: 1201, Mhz Limit: 1201
Processor Information for processor 2
  Max Mhz: 1201, Current Mhz: 1000, Mhz Limit: 1201
Processor Information for processor 3
  Max Mhz: 1201, Current Mhz: 1201, Mhz Limit: 1201
Processor Information for processor 4
  Max Mhz: 1201, Current Mhz: 1201, Mhz Limit: 1201
Processor Information for processor 5
  Max Mhz: 1201, Current Mhz: 1201, Mhz Limit: 1201
Processor Information for processor 6
  Max Mhz: 1201, Current Mhz: 1201, Mhz Limit: 1201
Processor Information for processor 7
  Max Mhz: 1201, Current Mhz: 1201, Mhz Limit: 1201

Memory: 4k page, system-wide physical 7876M (657M free)
TotalPageFile size 20239M (AvailPageFile size 5M)
current process WorkingSet (physical memory assigned to process): 344M, peak: 478M
current process commit charge ("private bytes"): 525M, peak: 577M

vm_info: OpenJDK 64-Bit Server VM (21.0.8+9-LTS) for windows-amd64 JRE (21.0.8+9-LTS), built on 2025-07-15T00:00:00Z by "admin" with MS VC++ 17.7 (VS2022)

END.
